{
"contracts\\AVNBridge.sol":{"l":{"127":19,"128":18,"129":18,"130":18,"131":18,"132":18,"133":18,"134":18,"135":18,"136":18,"137":18,"138":18,"139":18,"140":18,"141":15,"145":57,"146":53,"150":30,"151":28,"155":68,"156":63,"160":63,"161":59,"165":58,"166":57,"167":57,"168":36,"179":2,"180":2,"190":2,"191":2,"202":3,"203":3,"213":12,"214":12,"224":10,"225":10,"235":6,"236":6,"249":11,"250":9,"251":8,"252":8,"253":8,"254":6,"255":5,"257":5,"266":5,"267":5,"268":3,"269":3,"270":2,"271":2,"284":9,"285":8,"286":8,"287":8,"289":7,"290":7,"292":7,"293":5,"294":4,"295":4,"296":4,"297":4,"298":4,"299":4,"301":2,"304":5,"306":5,"317":9,"318":8,"319":8,"321":7,"323":7,"325":6,"326":4,"327":4,"330":6,"331":6,"333":6,"344":30,"345":29,"346":23,"347":22,"348":22,"361":16,"362":16,"363":13,"364":13,"365":12,"366":11,"378":13,"379":12,"393":23,"394":20,"395":20,"396":19,"397":18,"398":17,"399":16,"410":16,"411":16,"412":14,"413":13,"415":13,"418":13,"419":13,"420":13,"422":13,"423":13,"424":13,"427":13,"430":13,"435":13,"436":13,"438":12,"439":12,"440":12,"441":12,"443":12,"457":12,"458":11,"469":12,"471":11,"472":11,"473":11,"474":11,"476":11,"483":11,"484":11,"485":10,"487":10,"488":10,"490":8,"511":4,"513":3,"514":3,"515":3,"516":3,"517":3,"518":3,"519":3,"520":3,"521":3,"523":3,"524":3,"525":3,"526":3,"528":3,"529":18,"530":18,"534":3,"545":3,"556":3,"557":2,"558":2,"569":18,"570":18,"572":18,"578":18,"589":3,"590":3,"599":18,"600":18,"601":17,"602":16,"603":16,"604":16,"605":16,"607":16,"629":22,"630":7,"631":7,"633":11,"635":1,"643":3,"644":3,"645":3,"646":3,"655":39,"656":39,"670":65,"671":65,"677":60,"678":60,"679":60,"680":60,"681":60,"682":60,"683":60,"684":60,"686":60,"689":60,"690":10,"691":10,"693":50,"694":50,"697":60,"721":8,"729":158,"730":158,"731":158,"733":158,"740":158,"742":158,"750":42,"751":40,"759":39,"760":30},"path":"C:\\Users\\Glyn\\Documents\\GitHub\\avn-bridge\\contracts\\AVNBridge.sol","s":{"1":3,"2":19,"3":18,"4":18,"5":18,"6":18,"7":57,"8":30,"9":68,"10":63,"11":58,"12":2,"13":2,"14":2,"15":3,"16":12,"17":10,"18":6,"19":11,"20":9,"21":8,"22":8,"23":6,"24":5,"25":1,"26":5,"27":5,"28":5,"29":3,"30":2,"31":9,"32":8,"33":8,"34":8,"35":7,"36":7,"37":7,"38":5,"39":2,"40":5,"41":9,"42":8,"43":8,"44":7,"45":6,"46":6,"47":6,"48":6,"49":30,"50":29,"51":23,"52":22,"53":16,"54":16,"55":13,"56":13,"57":12,"58":11,"59":13,"60":12,"61":23,"62":3,"63":20,"64":20,"65":19,"66":18,"67":17,"68":16,"69":16,"70":16,"71":14,"72":13,"73":13,"74":13,"75":13,"76":13,"77":12,"78":12,"79":12,"80":12,"81":12,"82":11,"83":12,"84":11,"85":11,"86":11,"87":11,"88":11,"89":11,"90":10,"91":10,"92":8,"93":4,"94":1,"95":3,"96":3,"97":3,"98":3,"99":3,"100":3,"101":18,"102":18,"103":3,"104":1,"105":2,"106":1,"107":1,"108":3,"109":2,"110":18,"111":18,"112":18,"113":3,"114":18,"115":18,"116":17,"117":16,"118":16,"119":16,"120":16,"121":22,"122":7,"123":7,"124":15,"125":11,"126":1,"127":4,"128":3,"129":3,"130":3,"131":3,"132":60,"133":60,"134":60,"135":60,"136":60,"137":60,"138":60,"139":60,"140":60,"141":158,"142":158,"143":158,"144":158,"145":42,"146":39},"b":{"1":[19,1],"2":[1,18],"3":[4,53],"4":[2,28],"5":[5,63],"6":[4,59],"7":[1,57],"8":[2,1],"9":[1,1],"10":[2,1],"11":[3,1],"12":[12,1],"13":[10,1],"14":[6,1],"15":[12,1],"16":[11,1],"17":[2,9],"18":[1,1],"19":[1,8],"20":[1,4],"21":[2,3],"22":[1,2],"23":[10,1],"24":[9,1],"25":[1,8],"26":[1,7],"27":[5,2],"28":[1,4],"29":[1,1],"30":[10,1],"31":[9,1],"32":[1,8],"33":[1,7],"34":[1,6],"35":[4,2],"36":[31,2],"37":[30,1],"38":[1,29],"39":[17,1],"40":[16,1],"41":[1,12],"42":[1,11],"43":[13,1],"44":[13,0],"45":[1,12],"46":[23,2],"47":[3,20],"48":[0,20],"49":[1,19],"50":[1,18],"51":[1,17],"52":[1,16],"53":[16,1],"54":[16,0],"55":[2,14],"56":[1,13],"57":[0,13],"58":[0,13],"59":[1,12],"60":[12,1],"61":[12,0],"62":[1,11],"63":[1,10],"64":[1,3],"65":[12,6],"66":[1,2],"67":[1,1],"68":[1,2],"69":[3,1],"70":[0,0],"71":[1,17],"72":[1,16],"73":[1,0],"74":[0,0],"75":[7,15],"76":[2,5],"77":[11,4],"78":[0,3],"79":[0,3],"80":[10,50],"81":[17,141],"82":[156,2],"83":[2,40],"84":[9,30]},"f":{"1":3,"2":19,"3":57,"4":30,"5":68,"6":63,"7":58,"8":2,"9":2,"10":3,"11":12,"12":10,"13":6,"14":11,"15":5,"16":9,"17":9,"18":30,"19":16,"20":13,"21":23,"22":16,"23":12,"24":4,"25":3,"26":3,"27":18,"28":3,"29":0,"30":18,"31":22,"32":3,"33":39,"34":65,"35":60,"36":158,"37":42,"38":39},"fnMap":{"1":{"name":"constructor","line":120,"loc":{"start":{"line":120,"column":2},"end":{"line":120,"column":42}}},"2":{"name":"initialize","line":125,"loc":{"start":{"line":122,"column":2},"end":{"line":142,"column":2}}},"3":{"name":"onlyWhenLiftingEnabled","line":144,"loc":{"start":{"line":144,"column":2},"end":{"line":147,"column":2}}},"4":{"name":"onlyWhenLoweringEnabled","line":149,"loc":{"start":{"line":149,"column":2},"end":{"line":152,"column":2}}},"5":{"name":"onlyWhenAuthorsEnabled","line":154,"loc":{"start":{"line":154,"column":2},"end":{"line":157,"column":2}}},"6":{"name":"onlyWithinCallWindow","line":159,"loc":{"start":{"line":159,"column":2},"end":{"line":162,"column":2}}},"7":{"name":"lock","line":164,"loc":{"start":{"line":164,"column":2},"end":{"line":169,"column":2}}},"8":{"name":"setCoreOwner","line":176,"loc":{"start":{"line":175,"column":2},"end":{"line":181,"column":2}}},"9":{"name":"denyGrowth","line":187,"loc":{"start":{"line":186,"column":2},"end":{"line":192,"column":2}}},"10":{"name":"setGrowthDelay","line":199,"loc":{"start":{"line":198,"column":2},"end":{"line":204,"column":2}}},"11":{"name":"toggleAuthors","line":210,"loc":{"start":{"line":209,"column":2},"end":{"line":215,"column":2}}},"12":{"name":"toggleLifting","line":221,"loc":{"start":{"line":220,"column":2},"end":{"line":226,"column":2}}},"13":{"name":"toggleLowering","line":232,"loc":{"start":{"line":231,"column":2},"end":{"line":237,"column":2}}},"14":{"name":"triggerGrowth","line":246,"loc":{"start":{"line":243,"column":2},"end":{"line":258,"column":2}}},"15":{"name":"releaseGrowth","line":263,"loc":{"start":{"line":263,"column":2},"end":{"line":272,"column":2}}},"16":{"name":"addAuthor","line":281,"loc":{"start":{"line":279,"column":2},"end":{"line":307,"column":2}}},"17":{"name":"removeAuthor","line":314,"loc":{"start":{"line":312,"column":2},"end":{"line":334,"column":2}}},"18":{"name":"publishRoot","line":341,"loc":{"start":{"line":339,"column":2},"end":{"line":349,"column":2}}},"19":{"name":"lift","line":358,"loc":{"start":{"line":356,"column":2},"end":{"line":367,"column":2}}},"20":{"name":"liftETH","line":375,"loc":{"start":{"line":372,"column":2},"end":{"line":380,"column":2}}},"21":{"name":"tokensReceived","line":390,"loc":{"start":{"line":388,"column":2},"end":{"line":400,"column":2}}},"22":{"name":"legacyLower","line":407,"loc":{"start":{"line":405,"column":2},"end":{"line":459,"column":2}}},"23":{"name":"claimLower","line":466,"loc":{"start":{"line":464,"column":2},"end":{"line":491,"column":2}}},"24":{"name":"checkLower","line":497,"loc":{"start":{"line":497,"column":2},"end":{"line":535,"column":2}}},"25":{"name":"corroborate","line":540,"loc":{"start":{"line":540,"column":2},"end":{"line":548,"column":2}}},"26":{"name":"acceptOwnership","line":553,"loc":{"start":{"line":553,"column":2},"end":{"line":559,"column":2}}},"27":{"name":"confirmTransaction","line":564,"loc":{"start":{"line":564,"column":2},"end":{"line":579,"column":2}}},"28":{"name":"transferOwnership","line":587,"loc":{"start":{"line":584,"column":2},"end":{"line":591,"column":2}}},"29":{"name":"_authorizeUpgrade","line":593,"loc":{"start":{"line":593,"column":2},"end":{"line":593,"column":67}}},"30":{"name":"_initialiseAuthors","line":595,"loc":{"start":{"line":595,"column":2},"end":{"line":624,"column":2}}},"31":{"name":"_releaseFunds","line":626,"loc":{"start":{"line":626,"column":2},"end":{"line":638,"column":2}}},"32":{"name":"_releaseGrowth","line":640,"loc":{"start":{"line":640,"column":2},"end":{"line":647,"column":2}}},"33":{"name":"_getCompactIntegerByteSize","line":650,"loc":{"start":{"line":650,"column":2},"end":{"line":663,"column":2}}},"34":{"name":"_requiredConfirmations","line":665,"loc":{"start":{"line":665,"column":2},"end":{"line":672,"column":2}}},"35":{"name":"_verifyConfirmations","line":674,"loc":{"start":{"line":674,"column":2},"end":{"line":722,"column":2}}},"36":{"name":"_recoverAuthorId","line":724,"loc":{"start":{"line":724,"column":2},"end":{"line":745,"column":2}}},"37":{"name":"_storeT2TxId","line":747,"loc":{"start":{"line":747,"column":2},"end":{"line":752,"column":2}}},"38":{"name":"_checkT2PubKey","line":754,"loc":{"start":{"line":754,"column":2},"end":{"line":761,"column":2}}}},"statementMap":{"1":{"start":{"line":120,"column":18},"end":{"line":120,"column":39}},"2":{"start":{"line":127,"column":4},"end":{"line":127,"column":54}},"3":{"start":{"line":128,"column":4},"end":{"line":128,"column":19}},"4":{"start":{"line":129,"column":4},"end":{"line":129,"column":27}},"5":{"start":{"line":131,"column":4},"end":{"line":131,"column":103}},"6":{"start":{"line":140,"column":4},"end":{"line":140,"column":68}},"7":{"start":{"line":145,"column":4},"end":{"line":145,"column":46}},"8":{"start":{"line":150,"column":4},"end":{"line":150,"column":48}},"9":{"start":{"line":155,"column":4},"end":{"line":155,"column":49}},"10":{"start":{"line":160,"column":4},"end":{"line":160,"column":56}},"11":{"start":{"line":165,"column":4},"end":{"line":165,"column":40}},"12":{"start":{"line":179,"column":4},"end":{"line":179,"column":95}},"13":{"start":{"line":180,"column":4},"end":{"line":180,"column":45}},"14":{"start":{"line":191,"column":4},"end":{"line":191,"column":32}},"15":{"start":{"line":202,"column":4},"end":{"line":202,"column":57}},"16":{"start":{"line":214,"column":4},"end":{"line":214,"column":33}},"17":{"start":{"line":225,"column":4},"end":{"line":225,"column":33}},"18":{"start":{"line":236,"column":4},"end":{"line":236,"column":34}},"19":{"start":{"line":249,"column":4},"end":{"line":249,"column":61}},"20":{"start":{"line":250,"column":4},"end":{"line":250,"column":56}},"21":{"start":{"line":251,"column":4},"end":{"line":251,"column":83}},"22":{"start":{"line":253,"column":4},"end":{"line":253,"column":112}},"23":{"start":{"line":254,"column":4},"end":{"line":254,"column":23}},"24":{"start":{"line":255,"column":4},"end":{"line":255,"column":9583}},"25":{"start":{"line":255,"column":26},"end":{"line":255,"column":55}},"26":{"start":{"line":257,"column":4},"end":{"line":257,"column":51}},"27":{"start":{"line":266,"column":4},"end":{"line":266,"column":52}},"28":{"start":{"line":267,"column":4},"end":{"line":267,"column":55}},"29":{"start":{"line":269,"column":4},"end":{"line":269,"column":73}},"30":{"start":{"line":271,"column":4},"end":{"line":271,"column":47}},"31":{"start":{"line":284,"column":4},"end":{"line":284,"column":52}},"32":{"start":{"line":285,"column":4},"end":{"line":285,"column":70}},"33":{"start":{"line":286,"column":4},"end":{"line":286,"column":41}},"34":{"start":{"line":287,"column":4},"end":{"line":287,"column":43}},"35":{"start":{"line":289,"column":4},"end":{"line":289,"column":104}},"36":{"start":{"line":290,"column":4},"end":{"line":290,"column":23}},"37":{"start":{"line":292,"column":4},"end":{"line":292,"column":11101}},"38":{"start":{"line":293,"column":6},"end":{"line":293,"column":66}},"39":{"start":{"line":301,"column":6},"end":{"line":301,"column":82}},"40":{"start":{"line":306,"column":4},"end":{"line":306,"column":52}},"41":{"start":{"line":317,"column":4},"end":{"line":317,"column":52}},"42":{"start":{"line":318,"column":4},"end":{"line":318,"column":39}},"43":{"start":{"line":319,"column":4},"end":{"line":319,"column":43}},"44":{"start":{"line":323,"column":4},"end":{"line":323,"column":80}},"45":{"start":{"line":325,"column":4},"end":{"line":325,"column":12169}},"46":{"start":{"line":330,"column":4},"end":{"line":330,"column":104}},"47":{"start":{"line":331,"column":4},"end":{"line":331,"column":23}},"48":{"start":{"line":333,"column":4},"end":{"line":333,"column":62}},"49":{"start":{"line":344,"column":4},"end":{"line":344,"column":62}},"50":{"start":{"line":345,"column":4},"end":{"line":345,"column":94}},"51":{"start":{"line":346,"column":4},"end":{"line":346,"column":23}},"52":{"start":{"line":348,"column":4},"end":{"line":348,"column":43}},"53":{"start":{"line":361,"column":4},"end":{"line":361,"column":68}},"54":{"start":{"line":362,"column":4},"end":{"line":362,"column":68}},"55":{"start":{"line":363,"column":4},"end":{"line":363,"column":63}},"56":{"start":{"line":364,"column":4},"end":{"line":364,"column":58}},"57":{"start":{"line":365,"column":4},"end":{"line":365,"column":54}},"58":{"start":{"line":366,"column":4},"end":{"line":366,"column":81}},"59":{"start":{"line":378,"column":4},"end":{"line":378,"column":45}},"60":{"start":{"line":379,"column":4},"end":{"line":379,"column":75}},"61":{"start":{"line":393,"column":4},"end":{"line":393,"column":41}},"62":{"start":{"line":393,"column":35},"end":{"line":393,"column":41}},"63":{"start":{"line":394,"column":4},"end":{"line":394,"column":40}},"64":{"start":{"line":395,"column":4},"end":{"line":395,"column":42}},"65":{"start":{"line":396,"column":4},"end":{"line":396,"column":54}},"66":{"start":{"line":397,"column":4},"end":{"line":397,"column":117}},"67":{"start":{"line":398,"column":4},"end":{"line":398,"column":88}},"68":{"start":{"line":399,"column":4},"end":{"line":399,"column":60}},"69":{"start":{"line":410,"column":4},"end":{"line":410,"column":38}},"70":{"start":{"line":411,"column":4},"end":{"line":411,"column":73}},"71":{"start":{"line":412,"column":4},"end":{"line":412,"column":50}},"72":{"start":{"line":415,"column":4},"end":{"line":415,"column":15}},"73":{"start":{"line":420,"column":6},"end":{"line":420,"column":54}},"74":{"start":{"line":427,"column":4},"end":{"line":427,"column":17}},"75":{"start":{"line":435,"column":4},"end":{"line":435,"column":56}},"76":{"start":{"line":436,"column":4},"end":{"line":436,"column":49}},"77":{"start":{"line":438,"column":4},"end":{"line":438,"column":20}},"78":{"start":{"line":439,"column":4},"end":{"line":439,"column":17}},"79":{"start":{"line":440,"column":4},"end":{"line":440,"column":18}},"80":{"start":{"line":441,"column":4},"end":{"line":441,"column":21}},"81":{"start":{"line":457,"column":4},"end":{"line":457,"column":42}},"82":{"start":{"line":458,"column":4},"end":{"line":458,"column":61}},"83":{"start":{"line":469,"column":4},"end":{"line":469,"column":66}},"84":{"start":{"line":471,"column":4},"end":{"line":471,"column":17}},"85":{"start":{"line":472,"column":4},"end":{"line":472,"column":18}},"86":{"start":{"line":473,"column":4},"end":{"line":473,"column":21}},"87":{"start":{"line":474,"column":4},"end":{"line":474,"column":18}},"88":{"start":{"line":483,"column":4},"end":{"line":483,"column":86}},"89":{"start":{"line":484,"column":4},"end":{"line":484,"column":51}},"90":{"start":{"line":487,"column":4},"end":{"line":487,"column":67}},"91":{"start":{"line":488,"column":4},"end":{"line":488,"column":42}},"92":{"start":{"line":490,"column":4},"end":{"line":490,"column":33}},"93":{"start":{"line":511,"column":4},"end":{"line":511,"column":102}},"94":{"start":{"line":511,"column":45},"end":{"line":511,"column":102}},"95":{"start":{"line":517,"column":4},"end":{"line":517,"column":86}},"96":{"start":{"line":518,"column":4},"end":{"line":518,"column":84}},"97":{"start":{"line":519,"column":4},"end":{"line":519,"column":54}},"98":{"start":{"line":520,"column":4},"end":{"line":520,"column":87}},"99":{"start":{"line":521,"column":4},"end":{"line":521,"column":31}},"100":{"start":{"line":528,"column":4},"end":{"line":528,"column":20904}},"101":{"start":{"line":529,"column":6},"end":{"line":529,"column":83}},"102":{"start":{"line":530,"column":6},"end":{"line":530,"column":21076}},"103":{"start":{"line":545,"column":4},"end":{"line":545,"column":21489}},"104":{"start":{"line":545,"column":30},"end":{"line":545,"column":49}},"105":{"start":{"line":546,"column":9},"end":{"line":546,"column":21546}},"106":{"start":{"line":546,"column":39},"end":{"line":546,"column":55}},"107":{"start":{"line":547,"column":9},"end":{"line":547,"column":26}},"108":{"start":{"line":556,"column":4},"end":{"line":556,"column":61}},"109":{"start":{"line":558,"column":4},"end":{"line":558,"column":33}},"110":{"start":{"line":569,"column":4},"end":{"line":569,"column":16}},"111":{"start":{"line":570,"column":4},"end":{"line":570,"column":13}},"112":{"start":{"line":578,"column":4},"end":{"line":578,"column":40}},"113":{"start":{"line":590,"column":4},"end":{"line":590,"column":52}},"114":{"start":{"line":599,"column":4},"end":{"line":599,"column":38}},"115":{"start":{"line":600,"column":4},"end":{"line":600,"column":70}},"116":{"start":{"line":601,"column":4},"end":{"line":601,"column":122}},"117":{"start":{"line":602,"column":4},"end":{"line":602,"column":21}},"118":{"start":{"line":603,"column":4},"end":{"line":603,"column":22}},"119":{"start":{"line":604,"column":4},"end":{"line":604,"column":25}},"120":{"start":{"line":605,"column":4},"end":{"line":605,"column":13}},"121":{"start":{"line":629,"column":4},"end":{"line":629,"column":24133}},"122":{"start":{"line":630,"column":6},"end":{"line":630,"column":67}},"123":{"start":{"line":631,"column":6},"end":{"line":631,"column":42}},"124":{"start":{"line":632,"column":11},"end":{"line":632,"column":24295}},"125":{"start":{"line":633,"column":6},"end":{"line":633,"column":24335}},"126":{"start":{"line":635,"column":8},"end":{"line":635,"column":52}},"127":{"start":{"line":637,"column":11},"end":{"line":637,"column":55}},"128":{"start":{"line":643,"column":4},"end":{"line":643,"column":95}},"129":{"start":{"line":644,"column":4},"end":{"line":644,"column":87}},"130":{"start":{"line":645,"column":4},"end":{"line":645,"column":41}},"131":{"start":{"line":646,"column":4},"end":{"line":646,"column":34}},"132":{"start":{"line":677,"column":4},"end":{"line":677,"column":60}},"133":{"start":{"line":678,"column":4},"end":{"line":678,"column":85}},"134":{"start":{"line":679,"column":4},"end":{"line":679,"column":60}},"135":{"start":{"line":680,"column":4},"end":{"line":680,"column":70}},"136":{"start":{"line":681,"column":4},"end":{"line":681,"column":31}},"137":{"start":{"line":682,"column":4},"end":{"line":682,"column":30}},"138":{"start":{"line":683,"column":4},"end":{"line":683,"column":30}},"139":{"start":{"line":684,"column":4},"end":{"line":684,"column":20}},"140":{"start":{"line":689,"column":4},"end":{"line":689,"column":26277}},"141":{"start":{"line":729,"column":4},"end":{"line":729,"column":13}},"142":{"start":{"line":730,"column":4},"end":{"line":730,"column":13}},"143":{"start":{"line":731,"column":4},"end":{"line":731,"column":11}},"144":{"start":{"line":740,"column":4},"end":{"line":740,"column":41}},"145":{"start":{"line":750,"column":4},"end":{"line":750,"column":49}},"146":{"start":{"line":759,"column":4},"end":{"line":759,"column":52}}},"branchMap":{"1":{"line":125,"type":"if","locations":[{"start":{"line":125,"column":4},"end":{"line":125,"column":4}},{"start":{"line":125,"column":4},"end":{"line":125,"column":4}}]},"2":{"line":127,"type":"if","locations":[{"start":{"line":127,"column":4},"end":{"line":127,"column":4}},{"start":{"line":127,"column":4},"end":{"line":127,"column":4}}]},"3":{"line":145,"type":"if","locations":[{"start":{"line":145,"column":4},"end":{"line":145,"column":4}},{"start":{"line":145,"column":4},"end":{"line":145,"column":4}}]},"4":{"line":150,"type":"if","locations":[{"start":{"line":150,"column":4},"end":{"line":150,"column":4}},{"start":{"line":150,"column":4},"end":{"line":150,"column":4}}]},"5":{"line":155,"type":"if","locations":[{"start":{"line":155,"column":4},"end":{"line":155,"column":4}},{"start":{"line":155,"column":4},"end":{"line":155,"column":4}}]},"6":{"line":160,"type":"if","locations":[{"start":{"line":160,"column":4},"end":{"line":160,"column":4}},{"start":{"line":160,"column":4},"end":{"line":160,"column":4}}]},"7":{"line":165,"type":"if","locations":[{"start":{"line":165,"column":4},"end":{"line":165,"column":4}},{"start":{"line":165,"column":4},"end":{"line":165,"column":4}}]},"8":{"line":176,"type":"if","locations":[{"start":{"line":176,"column":4},"end":{"line":176,"column":4}},{"start":{"line":176,"column":4},"end":{"line":176,"column":4}}]},"9":{"line":180,"type":"if","locations":[{"start":{"line":180,"column":4},"end":{"line":180,"column":4}},{"start":{"line":180,"column":4},"end":{"line":180,"column":4}}]},"10":{"line":187,"type":"if","locations":[{"start":{"line":187,"column":4},"end":{"line":187,"column":4}},{"start":{"line":187,"column":4},"end":{"line":187,"column":4}}]},"11":{"line":199,"type":"if","locations":[{"start":{"line":199,"column":4},"end":{"line":199,"column":4}},{"start":{"line":199,"column":4},"end":{"line":199,"column":4}}]},"12":{"line":210,"type":"if","locations":[{"start":{"line":210,"column":4},"end":{"line":210,"column":4}},{"start":{"line":210,"column":4},"end":{"line":210,"column":4}}]},"13":{"line":221,"type":"if","locations":[{"start":{"line":221,"column":4},"end":{"line":221,"column":4}},{"start":{"line":221,"column":4},"end":{"line":221,"column":4}}]},"14":{"line":232,"type":"if","locations":[{"start":{"line":232,"column":4},"end":{"line":232,"column":4}},{"start":{"line":232,"column":4},"end":{"line":232,"column":4}}]},"15":{"line":245,"type":"if","locations":[{"start":{"line":245,"column":4},"end":{"line":245,"column":4}},{"start":{"line":245,"column":4},"end":{"line":245,"column":4}}]},"16":{"line":246,"type":"if","locations":[{"start":{"line":246,"column":4},"end":{"line":246,"column":4}},{"start":{"line":246,"column":4},"end":{"line":246,"column":4}}]},"17":{"line":249,"type":"if","locations":[{"start":{"line":249,"column":4},"end":{"line":249,"column":4}},{"start":{"line":249,"column":4},"end":{"line":249,"column":4}}]},"18":{"line":249,"type":"cond-expr","locations":[{"start":{"line":249,"column":8},"end":{"line":249,"column":19}},{"start":{"line":249,"column":24},"end":{"line":249,"column":37}}]},"19":{"line":250,"type":"if","locations":[{"start":{"line":250,"column":4},"end":{"line":250,"column":4}},{"start":{"line":250,"column":4},"end":{"line":250,"column":4}}]},"20":{"line":255,"type":"if","locations":[{"start":{"line":255,"column":4},"end":{"line":255,"column":4}},{"start":{"line":255,"column":4},"end":{"line":255,"column":4}}]},"21":{"line":267,"type":"if","locations":[{"start":{"line":267,"column":4},"end":{"line":267,"column":4}},{"start":{"line":267,"column":4},"end":{"line":267,"column":4}}]},"22":{"line":269,"type":"if","locations":[{"start":{"line":269,"column":4},"end":{"line":269,"column":4}},{"start":{"line":269,"column":4},"end":{"line":269,"column":4}}]},"23":{"line":280,"type":"if","locations":[{"start":{"line":280,"column":4},"end":{"line":280,"column":4}},{"start":{"line":280,"column":4},"end":{"line":280,"column":4}}]},"24":{"line":281,"type":"if","locations":[{"start":{"line":281,"column":4},"end":{"line":281,"column":4}},{"start":{"line":281,"column":4},"end":{"line":281,"column":4}}]},"25":{"line":284,"type":"if","locations":[{"start":{"line":284,"column":4},"end":{"line":284,"column":4}},{"start":{"line":284,"column":4},"end":{"line":284,"column":4}}]},"26":{"line":287,"type":"if","locations":[{"start":{"line":287,"column":4},"end":{"line":287,"column":4}},{"start":{"line":287,"column":4},"end":{"line":287,"column":4}}]},"27":{"line":292,"type":"if","locations":[{"start":{"line":292,"column":4},"end":{"line":292,"column":4}},{"start":{"line":292,"column":4},"end":{"line":292,"column":4}}]},"28":{"line":293,"type":"if","locations":[{"start":{"line":293,"column":6},"end":{"line":293,"column":6}},{"start":{"line":293,"column":6},"end":{"line":293,"column":6}}]},"29":{"line":301,"type":"if","locations":[{"start":{"line":301,"column":6},"end":{"line":301,"column":6}},{"start":{"line":301,"column":6},"end":{"line":301,"column":6}}]},"30":{"line":313,"type":"if","locations":[{"start":{"line":313,"column":4},"end":{"line":313,"column":4}},{"start":{"line":313,"column":4},"end":{"line":313,"column":4}}]},"31":{"line":314,"type":"if","locations":[{"start":{"line":314,"column":4},"end":{"line":314,"column":4}},{"start":{"line":314,"column":4},"end":{"line":314,"column":4}}]},"32":{"line":317,"type":"if","locations":[{"start":{"line":317,"column":4},"end":{"line":317,"column":4}},{"start":{"line":317,"column":4},"end":{"line":317,"column":4}}]},"33":{"line":319,"type":"if","locations":[{"start":{"line":319,"column":4},"end":{"line":319,"column":4}},{"start":{"line":319,"column":4},"end":{"line":319,"column":4}}]},"34":{"line":323,"type":"if","locations":[{"start":{"line":323,"column":4},"end":{"line":323,"column":4}},{"start":{"line":323,"column":4},"end":{"line":323,"column":4}}]},"35":{"line":325,"type":"if","locations":[{"start":{"line":325,"column":4},"end":{"line":325,"column":4}},{"start":{"line":325,"column":4},"end":{"line":325,"column":4}}]},"36":{"line":340,"type":"if","locations":[{"start":{"line":340,"column":4},"end":{"line":340,"column":4}},{"start":{"line":340,"column":4},"end":{"line":340,"column":4}}]},"37":{"line":341,"type":"if","locations":[{"start":{"line":341,"column":4},"end":{"line":341,"column":4}},{"start":{"line":341,"column":4},"end":{"line":341,"column":4}}]},"38":{"line":344,"type":"if","locations":[{"start":{"line":344,"column":4},"end":{"line":344,"column":4}},{"start":{"line":344,"column":4},"end":{"line":344,"column":4}}]},"39":{"line":357,"type":"if","locations":[{"start":{"line":357,"column":4},"end":{"line":357,"column":4}},{"start":{"line":357,"column":4},"end":{"line":357,"column":4}}]},"40":{"line":358,"type":"if","locations":[{"start":{"line":358,"column":4},"end":{"line":358,"column":4}},{"start":{"line":358,"column":4},"end":{"line":358,"column":4}}]},"41":{"line":364,"type":"if","locations":[{"start":{"line":364,"column":4},"end":{"line":364,"column":4}},{"start":{"line":364,"column":4},"end":{"line":364,"column":4}}]},"42":{"line":365,"type":"if","locations":[{"start":{"line":365,"column":4},"end":{"line":365,"column":4}},{"start":{"line":365,"column":4},"end":{"line":365,"column":4}}]},"43":{"line":374,"type":"if","locations":[{"start":{"line":374,"column":4},"end":{"line":374,"column":4}},{"start":{"line":374,"column":4},"end":{"line":374,"column":4}}]},"44":{"line":375,"type":"if","locations":[{"start":{"line":375,"column":4},"end":{"line":375,"column":4}},{"start":{"line":375,"column":4},"end":{"line":375,"column":4}}]},"45":{"line":378,"type":"if","locations":[{"start":{"line":378,"column":4},"end":{"line":378,"column":4}},{"start":{"line":378,"column":4},"end":{"line":378,"column":4}}]},"46":{"line":390,"type":"if","locations":[{"start":{"line":390,"column":4},"end":{"line":390,"column":4}},{"start":{"line":390,"column":4},"end":{"line":390,"column":4}}]},"47":{"line":393,"type":"if","locations":[{"start":{"line":393,"column":4},"end":{"line":393,"column":4}},{"start":{"line":393,"column":4},"end":{"line":393,"column":4}}]},"48":{"line":394,"type":"if","locations":[{"start":{"line":394,"column":4},"end":{"line":394,"column":4}},{"start":{"line":394,"column":4},"end":{"line":394,"column":4}}]},"49":{"line":395,"type":"if","locations":[{"start":{"line":395,"column":4},"end":{"line":395,"column":4}},{"start":{"line":395,"column":4},"end":{"line":395,"column":4}}]},"50":{"line":396,"type":"if","locations":[{"start":{"line":396,"column":4},"end":{"line":396,"column":4}},{"start":{"line":396,"column":4},"end":{"line":396,"column":4}}]},"51":{"line":397,"type":"if","locations":[{"start":{"line":397,"column":4},"end":{"line":397,"column":4}},{"start":{"line":397,"column":4},"end":{"line":397,"column":4}}]},"52":{"line":398,"type":"if","locations":[{"start":{"line":398,"column":4},"end":{"line":398,"column":4}},{"start":{"line":398,"column":4},"end":{"line":398,"column":4}}]},"53":{"line":406,"type":"if","locations":[{"start":{"line":406,"column":4},"end":{"line":406,"column":4}},{"start":{"line":406,"column":4},"end":{"line":406,"column":4}}]},"54":{"line":407,"type":"if","locations":[{"start":{"line":407,"column":4},"end":{"line":407,"column":4}},{"start":{"line":407,"column":4},"end":{"line":407,"column":4}}]},"55":{"line":411,"type":"if","locations":[{"start":{"line":411,"column":4},"end":{"line":411,"column":4}},{"start":{"line":411,"column":4},"end":{"line":411,"column":4}}]},"56":{"line":412,"type":"if","locations":[{"start":{"line":412,"column":4},"end":{"line":412,"column":4}},{"start":{"line":412,"column":4},"end":{"line":412,"column":4}}]},"57":{"line":420,"type":"if","locations":[{"start":{"line":420,"column":6},"end":{"line":420,"column":6}},{"start":{"line":420,"column":6},"end":{"line":420,"column":6}}]},"58":{"line":422,"type":"if","locations":[{"start":{"line":422,"column":37},"end":{"line":422,"column":39}},{"start":{"line":422,"column":43},"end":{"line":422,"column":45}}]},"59":{"line":436,"type":"if","locations":[{"start":{"line":436,"column":4},"end":{"line":436,"column":4}},{"start":{"line":436,"column":4},"end":{"line":436,"column":4}}]},"60":{"line":465,"type":"if","locations":[{"start":{"line":465,"column":4},"end":{"line":465,"column":4}},{"start":{"line":465,"column":4},"end":{"line":465,"column":4}}]},"61":{"line":466,"type":"if","locations":[{"start":{"line":466,"column":4},"end":{"line":466,"column":4}},{"start":{"line":466,"column":4},"end":{"line":466,"column":4}}]},"62":{"line":469,"type":"if","locations":[{"start":{"line":469,"column":4},"end":{"line":469,"column":4}},{"start":{"line":469,"column":4},"end":{"line":469,"column":4}}]},"63":{"line":484,"type":"if","locations":[{"start":{"line":484,"column":4},"end":{"line":484,"column":4}},{"start":{"line":484,"column":4},"end":{"line":484,"column":4}}]},"64":{"line":511,"type":"if","locations":[{"start":{"line":511,"column":4},"end":{"line":511,"column":4}},{"start":{"line":511,"column":4},"end":{"line":511,"column":4}}]},"65":{"line":530,"type":"if","locations":[{"start":{"line":530,"column":6},"end":{"line":530,"column":6}},{"start":{"line":530,"column":6},"end":{"line":530,"column":6}}]},"66":{"line":545,"type":"if","locations":[{"start":{"line":545,"column":4},"end":{"line":545,"column":4}},{"start":{"line":545,"column":4},"end":{"line":545,"column":4}}]},"67":{"line":546,"type":"if","locations":[{"start":{"line":546,"column":9},"end":{"line":546,"column":9}},{"start":{"line":546,"column":9},"end":{"line":546,"column":9}}]},"68":{"line":556,"type":"if","locations":[{"start":{"line":556,"column":4},"end":{"line":556,"column":4}},{"start":{"line":556,"column":4},"end":{"line":556,"column":4}}]},"69":{"line":587,"type":"if","locations":[{"start":{"line":587,"column":4},"end":{"line":587,"column":4}},{"start":{"line":587,"column":4},"end":{"line":587,"column":4}}]},"70":{"line":593,"type":"if","locations":[{"start":{"line":593,"column":56},"end":{"line":593,"column":56}},{"start":{"line":593,"column":56},"end":{"line":593,"column":56}}]},"71":{"line":600,"type":"if","locations":[{"start":{"line":600,"column":4},"end":{"line":600,"column":4}},{"start":{"line":600,"column":4},"end":{"line":600,"column":4}}]},"72":{"line":601,"type":"if","locations":[{"start":{"line":601,"column":4},"end":{"line":601,"column":4}},{"start":{"line":601,"column":4},"end":{"line":601,"column":4}}]},"73":{"line":601,"type":"cond-expr","locations":[{"start":{"line":601,"column":8},"end":{"line":601,"column":36}},{"start":{"line":601,"column":41},"end":{"line":601,"column":69}}]},"74":{"line":601,"type":"cond-expr","locations":[{"start":{"line":601,"column":8},"end":{"line":601,"column":69}},{"start":{"line":601,"column":74},"end":{"line":601,"column":99}}]},"75":{"line":629,"type":"if","locations":[{"start":{"line":629,"column":4},"end":{"line":629,"column":4}},{"start":{"line":629,"column":4},"end":{"line":629,"column":4}}]},"76":{"line":631,"type":"if","locations":[{"start":{"line":631,"column":6},"end":{"line":631,"column":6}},{"start":{"line":631,"column":6},"end":{"line":631,"column":6}}]},"77":{"line":632,"type":"if","locations":[{"start":{"line":632,"column":11},"end":{"line":632,"column":11}},{"start":{"line":632,"column":11},"end":{"line":632,"column":11}}]},"78":{"line":643,"type":"if","locations":[{"start":{"line":643,"column":4},"end":{"line":643,"column":4}},{"start":{"line":643,"column":4},"end":{"line":643,"column":4}}]},"79":{"line":645,"type":"if","locations":[{"start":{"line":645,"column":4},"end":{"line":645,"column":4}},{"start":{"line":645,"column":4},"end":{"line":645,"column":4}}]},"80":{"line":689,"type":"if","locations":[{"start":{"line":689,"column":4},"end":{"line":689,"column":4}},{"start":{"line":689,"column":4},"end":{"line":689,"column":4}}]},"81":{"line":740,"type":"if","locations":[{"start":{"line":740,"column":4},"end":{"line":740,"column":4}},{"start":{"line":740,"column":4},"end":{"line":740,"column":4}}]},"82":{"line":743,"type":"if","locations":[{"start":{"line":743,"column":8},"end":{"line":743,"column":64}},{"start":{"line":744,"column":8},"end":{"line":744,"column":8}}]},"83":{"line":750,"type":"if","locations":[{"start":{"line":750,"column":4},"end":{"line":750,"column":4}},{"start":{"line":750,"column":4},"end":{"line":750,"column":4}}]},"84":{"line":759,"type":"if","locations":[{"start":{"line":759,"column":4},"end":{"line":759,"column":4}},{"start":{"line":759,"column":4},"end":{"line":759,"column":4}}]}}},
"contracts\\interfaces\\IAVNBridge.sol":{"l":{},"path":"C:\\Users\\Glyn\\Documents\\GitHub\\avn-bridge\\contracts\\interfaces\\IAVNBridge.sol","s":{},"b":{},"f":{},"fnMap":{},"statementMap":{},"branchMap":{}},
"contracts\\test\\ReentrantToken20.sol":{"l":{"12":3,"13":3,"18":1,"19":1,"20":1,"21":1,"22":0},"path":"C:\\Users\\Glyn\\Documents\\GitHub\\avn-bridge\\contracts\\test\\ReentrantToken20.sol","s":{"1":3,"2":1,"3":1,"4":1,"5":1,"6":0},"b":{},"f":{"1":3,"2":1},"fnMap":{"1":{"name":"constructor","line":11,"loc":{"start":{"line":11,"column":2},"end":{"line":14,"column":2}}},"2":{"name":"transfer","line":17,"loc":{"start":{"line":17,"column":2},"end":{"line":23,"column":2}}}},"statementMap":{"1":{"start":{"line":12,"column":4},"end":{"line":12,"column":35}},"2":{"start":{"line":18,"column":4},"end":{"line":18,"column":36}},"3":{"start":{"line":19,"column":4},"end":{"line":19,"column":26}},"4":{"start":{"line":20,"column":4},"end":{"line":20,"column":26}},"5":{"start":{"line":21,"column":4},"end":{"line":21,"column":65}},"6":{"start":{"line":22,"column":4},"end":{"line":22,"column":15}}},"branchMap":{}}}
