{
"contracts\\AVNBridge.sol":{"l":{"51":3,"52":3,"53":3,"54":3,"55":3,"57":3,"58":3,"59":3,"60":3,"61":3,"62":3,"63":3,"64":3,"65":3,"67":3,"71":65,"72":57,"76":109,"77":105,"85":3,"88":3,"90":3,"91":26,"92":26,"93":26,"94":26,"95":26,"96":26,"97":26,"98":26,"99":26,"100":26,"101":26,"102":26,"110":1,"111":1,"118":2,"119":2,"126":1,"127":1,"134":6,"135":4,"136":2,"137":2,"144":4,"145":4,"152":8,"153":8,"160":2,"161":2,"168":2,"169":2,"173":0,"180":8,"181":4,"183":4,"185":4,"186":2,"187":2,"189":2,"190":2,"191":2,"192":2,"193":0,"195":2,"196":2,"197":2,"205":3,"206":3,"207":1,"208":1,"209":1,"217":12,"218":10,"219":10,"220":10,"223":8,"224":8,"225":8,"227":8,"228":5,"229":3,"230":3,"231":3,"232":3,"233":3,"234":3,"236":3,"239":4,"241":4,"242":4,"243":4,"248":4,"256":7,"257":7,"260":5,"261":5,"262":3,"264":3,"265":3,"266":3,"268":3,"269":3,"270":3,"275":3,"282":78,"283":64,"284":62,"285":60,"286":60,"294":0,"301":22,"302":20,"303":18,"304":12,"305":12,"306":12,"307":8,"308":8,"309":6,"317":14,"318":8,"319":6,"328":21,"329":21,"330":21,"331":19,"332":17,"333":11,"334":9,"335":9,"336":7,"342":65,"343":63,"344":63,"345":59,"346":57,"348":57,"349":57,"350":57,"351":55,"352":55,"353":55,"354":55,"355":55,"357":55,"359":55,"363":55,"364":51,"365":51,"366":51,"367":51,"368":51,"370":51,"378":51,"379":51,"380":51,"381":51,"383":51,"384":5,"385":5,"387":4,"389":42,"392":49,"400":65,"402":65,"403":65,"404":65,"405":39,"407":26,"410":65,"418":3,"419":3,"420":3,"421":3,"422":3,"423":3,"432":167,"434":167,"435":86,"437":65,"439":8,"441":8,"450":93,"456":93,"457":93,"458":93,"459":93,"460":93,"461":93,"462":93,"463":93,"464":93,"466":93,"467":551,"473":551,"474":551,"475":18,"477":533,"479":533,"480":19,"482":1,"483":1,"484":1,"485":1,"488":510,"489":510,"492":533,"495":93,"501":77,"502":75,"510":49,"511":31},"path":"C:\\Users\\Glyn\\Documents\\GitHub\\avn-t1-standalone\\contracts\\AVNBridge.sol","s":{"1":3,"2":3,"3":3,"4":3,"5":3,"6":3,"7":3,"8":3,"9":3,"10":3,"11":3,"12":3,"13":3,"14":3,"15":3,"16":65,"17":109,"18":3,"19":3,"20":3,"21":26,"22":26,"23":26,"24":26,"25":26,"26":26,"27":26,"28":26,"29":26,"30":26,"31":1,"32":1,"33":2,"34":2,"35":1,"36":1,"37":6,"38":4,"39":2,"40":2,"41":4,"42":4,"43":8,"44":8,"45":2,"46":2,"47":2,"48":2,"49":8,"50":4,"51":4,"52":4,"53":2,"54":2,"55":2,"56":2,"57":2,"58":2,"59":0,"60":2,"61":2,"62":2,"63":3,"64":3,"65":1,"66":1,"67":1,"68":12,"69":10,"70":10,"71":10,"72":8,"73":8,"74":8,"75":8,"76":5,"77":3,"78":3,"79":3,"80":3,"81":3,"82":3,"83":4,"84":4,"85":4,"86":4,"87":7,"88":7,"89":5,"90":5,"91":3,"92":3,"93":3,"94":3,"95":3,"96":3,"97":78,"98":64,"99":62,"100":60,"101":60,"102":0,"103":22,"104":20,"105":18,"106":12,"107":12,"108":12,"109":8,"110":8,"111":6,"112":14,"113":8,"114":6,"115":21,"116":0,"117":21,"118":0,"119":21,"120":19,"121":17,"122":11,"123":9,"124":9,"125":7,"126":65,"127":63,"128":63,"129":59,"130":57,"131":57,"132":57,"133":57,"134":55,"135":55,"136":55,"137":55,"138":55,"139":55,"140":55,"141":51,"142":51,"143":51,"144":51,"145":51,"146":51,"147":51,"148":51,"149":51,"150":51,"151":5,"152":5,"153":46,"154":4,"155":42,"156":49,"157":65,"158":65,"159":65,"160":65,"161":39,"162":26,"163":65,"164":3,"165":3,"166":3,"167":3,"168":3,"169":3,"170":167,"171":167,"172":86,"173":81,"174":65,"175":16,"176":8,"177":8,"178":93,"179":93,"180":93,"181":93,"182":93,"183":93,"184":93,"185":93,"186":93,"187":93,"188":93,"189":551,"190":543,"191":551,"192":533,"193":533,"194":19,"195":1,"196":1,"197":514,"198":510,"199":533,"200":93,"201":77,"202":75,"203":49,"204":31},"b":{"1":[3,0],"2":[57,8],"3":[105,4],"4":[3,0],"5":[26,0],"6":[26,0],"7":[26,0],"8":[1,0],"9":[4,2],"10":[2,2],"11":[0,0],"12":[4,4],"13":[4,0],"14":[2,2],"15":[2,0],"16":[0,2],"17":[1,2],"18":[1,0],"19":[10,2],"20":[8,2],"21":[5,3],"22":[3,2],"23":[1,2],"24":[5,2],"25":[60,2],"26":[20,2],"27":[18,2],"28":[6,2],"29":[6,2],"30":[0,21],"31":[0,21],"32":[19,2],"33":[17,2],"34":[9,2],"35":[7,2],"36":[63,2],"37":[59,4],"38":[57,2],"39":[55,2],"40":[51,4],"41":[5,46],"42":[3,2],"43":[4,42],"44":[39,26],"45":[3,0],"46":[3,0],"47":[86,81],"48":[65,16],"49":[8,8],"50":[543,8],"51":[18,533],"52":[19,514],"53":[1,18],"54":[510,4],"55":[77,456],"56":[77,16],"57":[75,2],"58":[31,18]},"f":{"1":3,"2":65,"3":109,"4":3,"5":1,"6":2,"7":1,"8":6,"9":4,"10":8,"11":2,"12":2,"13":8,"14":3,"15":12,"16":7,"17":78,"18":0,"19":22,"20":14,"21":21,"22":65,"23":65,"24":0,"25":3,"26":167,"27":93,"28":93,"29":77,"30":49},"fnMap":{"1":{"name":"initialize","line":49,"loc":{"start":{"line":47,"column":2},"end":{"line":68,"column":2}}},"2":{"name":"onlyWhenLiftingIsEnabled","line":70,"loc":{"start":{"line":70,"column":2},"end":{"line":73,"column":2}}},"3":{"name":"onlyWhenValidatorFunctionsAreEnabled","line":75,"loc":{"start":{"line":75,"column":2},"end":{"line":78,"column":2}}},"4":{"name":"loadValidators","line":82,"loc":{"start":{"line":80,"column":2},"end":{"line":104,"column":2}}},"5":{"name":"setCoreOwner","line":107,"loc":{"start":{"line":106,"column":2},"end":{"line":112,"column":2}}},"6":{"name":"denyGrowth","line":115,"loc":{"start":{"line":114,"column":2},"end":{"line":120,"column":2}}},"7":{"name":"setGrowthDelay","line":123,"loc":{"start":{"line":122,"column":2},"end":{"line":128,"column":2}}},"8":{"name":"setQuorum","line":131,"loc":{"start":{"line":130,"column":2},"end":{"line":138,"column":2}}},"9":{"name":"enableValidatorFunctions","line":141,"loc":{"start":{"line":140,"column":2},"end":{"line":146,"column":2}}},"10":{"name":"enableLifting","line":149,"loc":{"start":{"line":148,"column":2},"end":{"line":154,"column":2}}},"11":{"name":"enableLowering","line":157,"loc":{"start":{"line":156,"column":2},"end":{"line":162,"column":2}}},"12":{"name":"updateLowerCall","line":165,"loc":{"start":{"line":164,"column":2},"end":{"line":170,"column":2}}},"13":{"name":"triggerGrowth","line":177,"loc":{"start":{"line":176,"column":2},"end":{"line":200,"column":2}}},"14":{"name":"releaseGrowth","line":202,"loc":{"start":{"line":202,"column":2},"end":{"line":210,"column":2}}},"15":{"name":"registerValidator","line":214,"loc":{"start":{"line":212,"column":2},"end":{"line":249,"column":2}}},"16":{"name":"deregisterValidator","line":253,"loc":{"start":{"line":251,"column":2},"end":{"line":276,"column":2}}},"17":{"name":"publishRoot","line":279,"loc":{"start":{"line":278,"column":2},"end":{"line":287,"column":2}}},"18":{"name":"getIsPublishedRootHash","line":289,"loc":{"start":{"line":289,"column":2},"end":{"line":295,"column":2}}},"19":{"name":"lift","line":298,"loc":{"start":{"line":297,"column":2},"end":{"line":310,"column":2}}},"20":{"name":"liftETH","line":314,"loc":{"start":{"line":312,"column":2},"end":{"line":320,"column":2}}},"21":{"name":"tokensReceived","line":325,"loc":{"start":{"line":323,"column":2},"end":{"line":337,"column":2}}},"22":{"name":"lower","line":339,"loc":{"start":{"line":339,"column":2},"end":{"line":393,"column":2}}},"23":{"name":"confirmAvnTransaction","line":395,"loc":{"start":{"line":395,"column":2},"end":{"line":411,"column":2}}},"24":{"name":"_authorizeUpgrade","line":413,"loc":{"start":{"line":413,"column":2},"end":{"line":413,"column":67}}},"25":{"name":"_releaseGrowth","line":415,"loc":{"start":{"line":415,"column":2},"end":{"line":424,"column":2}}},"26":{"name":"_getCompactIntegerByteSize","line":427,"loc":{"start":{"line":427,"column":2},"end":{"line":443,"column":2}}},"27":{"name":"_toConfirmationHash","line":445,"loc":{"start":{"line":445,"column":2},"end":{"line":451,"column":2}}},"28":{"name":"_verifyConfirmations","line":453,"loc":{"start":{"line":453,"column":2},"end":{"line":496,"column":2}}},"29":{"name":"_storeT2TransactionId","line":498,"loc":{"start":{"line":498,"column":2},"end":{"line":503,"column":2}}},"30":{"name":"_checkT2PublicKey","line":505,"loc":{"start":{"line":505,"column":2},"end":{"line":512,"column":2}}}},"statementMap":{"1":{"start":{"line":51,"column":4},"end":{"line":51,"column":64}},"2":{"start":{"line":52,"column":4},"end":{"line":52,"column":19}},"3":{"start":{"line":53,"column":4},"end":{"line":53,"column":25}},"4":{"start":{"line":54,"column":4},"end":{"line":54,"column":33}},"5":{"start":{"line":55,"column":4},"end":{"line":55,"column":103}},"6":{"start":{"line":57,"column":4},"end":{"line":57,"column":36}},"7":{"start":{"line":58,"column":4},"end":{"line":58,"column":36}},"8":{"start":{"line":59,"column":4},"end":{"line":59,"column":34}},"9":{"start":{"line":60,"column":4},"end":{"line":60,"column":38}},"10":{"start":{"line":61,"column":4},"end":{"line":61,"column":26}},"11":{"start":{"line":62,"column":4},"end":{"line":62,"column":27}},"12":{"start":{"line":63,"column":4},"end":{"line":63,"column":22}},"13":{"start":{"line":64,"column":4},"end":{"line":64,"column":16}},"14":{"start":{"line":65,"column":4},"end":{"line":65,"column":16}},"15":{"start":{"line":67,"column":4},"end":{"line":67,"column":23}},"16":{"start":{"line":71,"column":4},"end":{"line":71,"column":58}},"17":{"start":{"line":76,"column":4},"end":{"line":76,"column":71}},"18":{"start":{"line":85,"column":4},"end":{"line":85,"column":3970}},"19":{"start":{"line":88,"column":4},"end":{"line":88,"column":28}},"20":{"start":{"line":90,"column":4},"end":{"line":90,"column":4118}},"21":{"start":{"line":91,"column":6},"end":{"line":91,"column":74}},"22":{"start":{"line":92,"column":6},"end":{"line":92,"column":80}},"23":{"start":{"line":93,"column":6},"end":{"line":93,"column":73}},"24":{"start":{"line":94,"column":6},"end":{"line":94,"column":102}},"25":{"start":{"line":95,"column":6},"end":{"line":95,"column":50}},"26":{"start":{"line":96,"column":6},"end":{"line":96,"column":54}},"27":{"start":{"line":97,"column":6},"end":{"line":97,"column":50}},"28":{"start":{"line":98,"column":6},"end":{"line":98,"column":54}},"29":{"start":{"line":99,"column":6},"end":{"line":99,"column":50}},"30":{"start":{"line":100,"column":6},"end":{"line":100,"column":46}},"31":{"start":{"line":110,"column":4},"end":{"line":110,"column":95}},"32":{"start":{"line":111,"column":4},"end":{"line":111,"column":47}},"33":{"start":{"line":118,"column":4},"end":{"line":118,"column":28}},"34":{"start":{"line":119,"column":4},"end":{"line":119,"column":32}},"35":{"start":{"line":126,"column":4},"end":{"line":126,"column":57}},"36":{"start":{"line":127,"column":4},"end":{"line":127,"column":29}},"37":{"start":{"line":134,"column":4},"end":{"line":134,"column":51}},"38":{"start":{"line":135,"column":4},"end":{"line":135,"column":59}},"39":{"start":{"line":136,"column":4},"end":{"line":136,"column":19}},"40":{"start":{"line":137,"column":4},"end":{"line":137,"column":33}},"41":{"start":{"line":144,"column":4},"end":{"line":144,"column":40}},"42":{"start":{"line":145,"column":4},"end":{"line":145,"column":48}},"43":{"start":{"line":152,"column":4},"end":{"line":152,"column":28}},"44":{"start":{"line":153,"column":4},"end":{"line":153,"column":36}},"45":{"start":{"line":160,"column":4},"end":{"line":160,"column":29}},"46":{"start":{"line":161,"column":4},"end":{"line":161,"column":37}},"47":{"start":{"line":168,"column":4},"end":{"line":168,"column":41}},"48":{"start":{"line":169,"column":4},"end":{"line":169,"column":46}},"49":{"start":{"line":180,"column":4},"end":{"line":180,"column":52}},"50":{"start":{"line":181,"column":4},"end":{"line":181,"column":65}},"51":{"start":{"line":183,"column":4},"end":{"line":183,"column":32}},"52":{"start":{"line":185,"column":4},"end":{"line":185,"column":6865}},"53":{"start":{"line":186,"column":6},"end":{"line":186,"column":63}},"54":{"start":{"line":187,"column":6},"end":{"line":187,"column":35}},"55":{"start":{"line":189,"column":6},"end":{"line":189,"column":64}},"56":{"start":{"line":190,"column":6},"end":{"line":190,"column":90}},"57":{"start":{"line":191,"column":6},"end":{"line":191,"column":43}},"58":{"start":{"line":192,"column":6},"end":{"line":192,"column":7235}},"59":{"start":{"line":193,"column":8},"end":{"line":193,"column":37}},"60":{"start":{"line":195,"column":8},"end":{"line":195,"column":59}},"61":{"start":{"line":196,"column":8},"end":{"line":196,"column":42}},"62":{"start":{"line":197,"column":8},"end":{"line":197,"column":60}},"63":{"start":{"line":205,"column":4},"end":{"line":205,"column":47}},"64":{"start":{"line":206,"column":4},"end":{"line":206,"column":61}},"65":{"start":{"line":207,"column":4},"end":{"line":207,"column":71}},"66":{"start":{"line":208,"column":4},"end":{"line":208,"column":28}},"67":{"start":{"line":209,"column":4},"end":{"line":209,"column":47}},"68":{"start":{"line":217,"column":4},"end":{"line":217,"column":70}},"69":{"start":{"line":218,"column":4},"end":{"line":218,"column":73}},"70":{"start":{"line":219,"column":4},"end":{"line":219,"column":41}},"71":{"start":{"line":220,"column":4},"end":{"line":220,"column":81}},"72":{"start":{"line":223,"column":4},"end":{"line":223,"column":89}},"73":{"start":{"line":224,"column":4},"end":{"line":224,"column":99}},"74":{"start":{"line":225,"column":4},"end":{"line":225,"column":41}},"75":{"start":{"line":227,"column":4},"end":{"line":227,"column":8656}},"76":{"start":{"line":228,"column":6},"end":{"line":228,"column":79}},"77":{"start":{"line":229,"column":6},"end":{"line":229,"column":25}},"78":{"start":{"line":230,"column":6},"end":{"line":230,"column":34}},"79":{"start":{"line":231,"column":6},"end":{"line":231,"column":34}},"80":{"start":{"line":232,"column":6},"end":{"line":232,"column":38}},"81":{"start":{"line":233,"column":6},"end":{"line":233,"column":38}},"82":{"start":{"line":236,"column":6},"end":{"line":236,"column":79}},"83":{"start":{"line":239,"column":4},"end":{"line":239,"column":35}},"84":{"start":{"line":241,"column":4},"end":{"line":241,"column":26}},"85":{"start":{"line":242,"column":4},"end":{"line":242,"column":26}},"86":{"start":{"line":248,"column":4},"end":{"line":248,"column":93}},"87":{"start":{"line":256,"column":4},"end":{"line":256,"column":45}},"88":{"start":{"line":257,"column":4},"end":{"line":257,"column":68}},"89":{"start":{"line":260,"column":4},"end":{"line":260,"column":91}},"90":{"start":{"line":261,"column":4},"end":{"line":261,"column":101}},"91":{"start":{"line":262,"column":4},"end":{"line":262,"column":41}},"92":{"start":{"line":264,"column":4},"end":{"line":264,"column":36}},"93":{"start":{"line":265,"column":4},"end":{"line":265,"column":32}},"94":{"start":{"line":268,"column":4},"end":{"line":268,"column":26}},"95":{"start":{"line":269,"column":4},"end":{"line":269,"column":26}},"96":{"start":{"line":275,"column":4},"end":{"line":275,"column":95}},"97":{"start":{"line":282,"column":4},"end":{"line":282,"column":86}},"98":{"start":{"line":283,"column":4},"end":{"line":283,"column":41}},"99":{"start":{"line":284,"column":4},"end":{"line":284,"column":73}},"100":{"start":{"line":285,"column":4},"end":{"line":285,"column":39}},"101":{"start":{"line":286,"column":4},"end":{"line":286,"column":52}},"102":{"start":{"line":294,"column":4},"end":{"line":294,"column":40}},"103":{"start":{"line":301,"column":4},"end":{"line":301,"column":118}},"104":{"start":{"line":302,"column":4},"end":{"line":302,"column":55}},"105":{"start":{"line":303,"column":4},"end":{"line":303,"column":63}},"106":{"start":{"line":304,"column":4},"end":{"line":304,"column":47}},"107":{"start":{"line":305,"column":4},"end":{"line":305,"column":67}},"108":{"start":{"line":306,"column":4},"end":{"line":306,"column":72}},"109":{"start":{"line":307,"column":4},"end":{"line":307,"column":63}},"110":{"start":{"line":308,"column":4},"end":{"line":308,"column":64}},"111":{"start":{"line":309,"column":4},"end":{"line":309,"column":93}},"112":{"start":{"line":317,"column":4},"end":{"line":317,"column":63}},"113":{"start":{"line":318,"column":4},"end":{"line":318,"column":49}},"114":{"start":{"line":319,"column":4},"end":{"line":319,"column":81}},"115":{"start":{"line":328,"column":4},"end":{"line":328,"column":37}},"116":{"start":{"line":328,"column":31},"end":{"line":328,"column":37}},"117":{"start":{"line":329,"column":4},"end":{"line":329,"column":78}},"118":{"start":{"line":329,"column":72},"end":{"line":329,"column":78}},"119":{"start":{"line":330,"column":4},"end":{"line":330,"column":71}},"120":{"start":{"line":331,"column":4},"end":{"line":331,"column":56}},"121":{"start":{"line":332,"column":4},"end":{"line":332,"column":56}},"122":{"start":{"line":333,"column":4},"end":{"line":333,"column":125}},"123":{"start":{"line":334,"column":4},"end":{"line":334,"column":48}},"124":{"start":{"line":335,"column":4},"end":{"line":335,"column":94}},"125":{"start":{"line":336,"column":4},"end":{"line":336,"column":64}},"126":{"start":{"line":342,"column":4},"end":{"line":342,"column":60}},"127":{"start":{"line":343,"column":4},"end":{"line":343,"column":38}},"128":{"start":{"line":344,"column":4},"end":{"line":344,"column":79}},"129":{"start":{"line":345,"column":4},"end":{"line":345,"column":60}},"130":{"start":{"line":346,"column":4},"end":{"line":346,"column":30}},"131":{"start":{"line":348,"column":4},"end":{"line":348,"column":15}},"132":{"start":{"line":349,"column":4},"end":{"line":349,"column":47}},"133":{"start":{"line":350,"column":4},"end":{"line":350,"column":63}},"134":{"start":{"line":351,"column":4},"end":{"line":351,"column":12}},"135":{"start":{"line":352,"column":4},"end":{"line":352,"column":35}},"136":{"start":{"line":353,"column":4},"end":{"line":353,"column":47}},"137":{"start":{"line":354,"column":4},"end":{"line":354,"column":47}},"138":{"start":{"line":355,"column":4},"end":{"line":355,"column":12}},"139":{"start":{"line":357,"column":4},"end":{"line":357,"column":17}},"140":{"start":{"line":363,"column":4},"end":{"line":363,"column":64}},"141":{"start":{"line":364,"column":4},"end":{"line":364,"column":37}},"142":{"start":{"line":365,"column":4},"end":{"line":365,"column":23}},"143":{"start":{"line":366,"column":4},"end":{"line":366,"column":17}},"144":{"start":{"line":367,"column":4},"end":{"line":367,"column":18}},"145":{"start":{"line":368,"column":4},"end":{"line":368,"column":21}},"146":{"start":{"line":378,"column":4},"end":{"line":378,"column":119}},"147":{"start":{"line":379,"column":4},"end":{"line":379,"column":121}},"148":{"start":{"line":380,"column":4},"end":{"line":380,"column":121}},"149":{"start":{"line":381,"column":4},"end":{"line":381,"column":43}},"150":{"start":{"line":383,"column":4},"end":{"line":383,"column":15617}},"151":{"start":{"line":384,"column":6},"end":{"line":384,"column":67}},"152":{"start":{"line":385,"column":6},"end":{"line":385,"column":44}},"153":{"start":{"line":386,"column":11},"end":{"line":386,"column":15782}},"154":{"start":{"line":387,"column":6},"end":{"line":387,"column":47}},"155":{"start":{"line":389,"column":6},"end":{"line":389,"column":54}},"156":{"start":{"line":392,"column":4},"end":{"line":392,"column":58}},"157":{"start":{"line":400,"column":4},"end":{"line":400,"column":31}},"158":{"start":{"line":402,"column":4},"end":{"line":402,"column":16234}},"159":{"start":{"line":403,"column":6},"end":{"line":403,"column":34}},"160":{"start":{"line":404,"column":6},"end":{"line":404,"column":16376}},"161":{"start":{"line":405,"column":8},"end":{"line":405,"column":55}},"162":{"start":{"line":407,"column":8},"end":{"line":407,"column":55}},"163":{"start":{"line":410,"column":4},"end":{"line":410,"column":40}},"164":{"start":{"line":418,"column":4},"end":{"line":418,"column":67}},"165":{"start":{"line":419,"column":4},"end":{"line":419,"column":87}},"166":{"start":{"line":420,"column":4},"end":{"line":420,"column":67}},"167":{"start":{"line":421,"column":4},"end":{"line":421,"column":76}},"168":{"start":{"line":422,"column":4},"end":{"line":422,"column":53}},"169":{"start":{"line":423,"column":4},"end":{"line":423,"column":34}},"170":{"start":{"line":432,"column":4},"end":{"line":432,"column":37}},"171":{"start":{"line":434,"column":4},"end":{"line":434,"column":17435}},"172":{"start":{"line":435,"column":6},"end":{"line":435,"column":19}},"173":{"start":{"line":436,"column":11},"end":{"line":436,"column":17507}},"174":{"start":{"line":437,"column":6},"end":{"line":437,"column":19}},"175":{"start":{"line":438,"column":11},"end":{"line":438,"column":17576}},"176":{"start":{"line":439,"column":6},"end":{"line":439,"column":19}},"177":{"start":{"line":441,"column":6},"end":{"line":441,"column":43}},"178":{"start":{"line":450,"column":4},"end":{"line":450,"column":99}},"179":{"start":{"line":456,"column":4},"end":{"line":456,"column":109}},"180":{"start":{"line":457,"column":4},"end":{"line":457,"column":70}},"181":{"start":{"line":458,"column":4},"end":{"line":458,"column":83}},"182":{"start":{"line":459,"column":4},"end":{"line":459,"column":30}},"183":{"start":{"line":460,"column":4},"end":{"line":460,"column":14}},"184":{"start":{"line":461,"column":4},"end":{"line":461,"column":13}},"185":{"start":{"line":462,"column":4},"end":{"line":462,"column":13}},"186":{"start":{"line":463,"column":4},"end":{"line":463,"column":11}},"187":{"start":{"line":464,"column":4},"end":{"line":464,"column":57}},"188":{"start":{"line":466,"column":4},"end":{"line":466,"column":18553}},"189":{"start":{"line":473,"column":6},"end":{"line":473,"column":25}},"190":{"start":{"line":473,"column":18},"end":{"line":473,"column":24}},"191":{"start":{"line":474,"column":6},"end":{"line":474,"column":18896}},"192":{"start":{"line":477,"column":8},"end":{"line":477,"column":69}},"193":{"start":{"line":479,"column":8},"end":{"line":479,"column":19126}},"194":{"start":{"line":480,"column":10},"end":{"line":480,"column":19177}},"195":{"start":{"line":482,"column":12},"end":{"line":482,"column":39}},"196":{"start":{"line":485,"column":12},"end":{"line":485,"column":31}},"197":{"start":{"line":487,"column":15},"end":{"line":487,"column":19479}},"198":{"start":{"line":489,"column":10},"end":{"line":489,"column":29}},"199":{"start":{"line":492,"column":6},"end":{"line":492,"column":60}},"200":{"start":{"line":495,"column":4},"end":{"line":495,"column":80}},"201":{"start":{"line":501,"column":4},"end":{"line":501,"column":92}},"202":{"start":{"line":502,"column":4},"end":{"line":502,"column":48}},"203":{"start":{"line":510,"column":4},"end":{"line":510,"column":57}},"204":{"start":{"line":511,"column":4},"end":{"line":511,"column":44}}},"branchMap":{"1":{"line":51,"type":"if","locations":[{"start":{"line":51,"column":4},"end":{"line":51,"column":4}},{"start":{"line":51,"column":4},"end":{"line":51,"column":4}}]},"2":{"line":71,"type":"if","locations":[{"start":{"line":71,"column":4},"end":{"line":71,"column":4}},{"start":{"line":71,"column":4},"end":{"line":71,"column":4}}]},"3":{"line":76,"type":"if","locations":[{"start":{"line":76,"column":4},"end":{"line":76,"column":4}},{"start":{"line":76,"column":4},"end":{"line":76,"column":4}}]},"4":{"line":85,"type":"if","locations":[{"start":{"line":85,"column":4},"end":{"line":85,"column":4}},{"start":{"line":85,"column":4},"end":{"line":85,"column":4}}]},"5":{"line":91,"type":"if","locations":[{"start":{"line":91,"column":6},"end":{"line":91,"column":6}},{"start":{"line":91,"column":6},"end":{"line":91,"column":6}}]},"6":{"line":92,"type":"if","locations":[{"start":{"line":92,"column":6},"end":{"line":92,"column":6}},{"start":{"line":92,"column":6},"end":{"line":92,"column":6}}]},"7":{"line":94,"type":"if","locations":[{"start":{"line":94,"column":6},"end":{"line":94,"column":6}},{"start":{"line":94,"column":6},"end":{"line":94,"column":6}}]},"8":{"line":111,"type":"if","locations":[{"start":{"line":111,"column":4},"end":{"line":111,"column":4}},{"start":{"line":111,"column":4},"end":{"line":111,"column":4}}]},"9":{"line":134,"type":"if","locations":[{"start":{"line":134,"column":4},"end":{"line":134,"column":4}},{"start":{"line":134,"column":4},"end":{"line":134,"column":4}}]},"10":{"line":135,"type":"if","locations":[{"start":{"line":135,"column":4},"end":{"line":135,"column":4}},{"start":{"line":135,"column":4},"end":{"line":135,"column":4}}]},"11":{"line":173,"type":"if","locations":[{"start":{"line":173,"column":4},"end":{"line":173,"column":4}},{"start":{"line":173,"column":4},"end":{"line":173,"column":4}}]},"12":{"line":180,"type":"if","locations":[{"start":{"line":180,"column":4},"end":{"line":180,"column":4}},{"start":{"line":180,"column":4},"end":{"line":180,"column":4}}]},"13":{"line":181,"type":"if","locations":[{"start":{"line":181,"column":4},"end":{"line":181,"column":4}},{"start":{"line":181,"column":4},"end":{"line":181,"column":4}}]},"14":{"line":185,"type":"if","locations":[{"start":{"line":185,"column":4},"end":{"line":185,"column":4}},{"start":{"line":185,"column":4},"end":{"line":185,"column":4}}]},"15":{"line":186,"type":"if","locations":[{"start":{"line":186,"column":6},"end":{"line":186,"column":6}},{"start":{"line":186,"column":6},"end":{"line":186,"column":6}}]},"16":{"line":192,"type":"if","locations":[{"start":{"line":192,"column":6},"end":{"line":192,"column":6}},{"start":{"line":192,"column":6},"end":{"line":192,"column":6}}]},"17":{"line":206,"type":"if","locations":[{"start":{"line":206,"column":4},"end":{"line":206,"column":4}},{"start":{"line":206,"column":4},"end":{"line":206,"column":4}}]},"18":{"line":207,"type":"if","locations":[{"start":{"line":207,"column":4},"end":{"line":207,"column":4}},{"start":{"line":207,"column":4},"end":{"line":207,"column":4}}]},"19":{"line":217,"type":"if","locations":[{"start":{"line":217,"column":4},"end":{"line":217,"column":4}},{"start":{"line":217,"column":4},"end":{"line":217,"column":4}}]},"20":{"line":220,"type":"if","locations":[{"start":{"line":220,"column":4},"end":{"line":220,"column":4}},{"start":{"line":220,"column":4},"end":{"line":220,"column":4}}]},"21":{"line":227,"type":"if","locations":[{"start":{"line":227,"column":4},"end":{"line":227,"column":4}},{"start":{"line":227,"column":4},"end":{"line":227,"column":4}}]},"22":{"line":228,"type":"if","locations":[{"start":{"line":228,"column":6},"end":{"line":228,"column":6}},{"start":{"line":228,"column":6},"end":{"line":228,"column":6}}]},"23":{"line":236,"type":"if","locations":[{"start":{"line":236,"column":6},"end":{"line":236,"column":6}},{"start":{"line":236,"column":6},"end":{"line":236,"column":6}}]},"24":{"line":257,"type":"if","locations":[{"start":{"line":257,"column":4},"end":{"line":257,"column":4}},{"start":{"line":257,"column":4},"end":{"line":257,"column":4}}]},"25":{"line":284,"type":"if","locations":[{"start":{"line":284,"column":4},"end":{"line":284,"column":4}},{"start":{"line":284,"column":4},"end":{"line":284,"column":4}}]},"26":{"line":301,"type":"if","locations":[{"start":{"line":301,"column":4},"end":{"line":301,"column":4}},{"start":{"line":301,"column":4},"end":{"line":301,"column":4}}]},"27":{"line":302,"type":"if","locations":[{"start":{"line":302,"column":4},"end":{"line":302,"column":4}},{"start":{"line":302,"column":4},"end":{"line":302,"column":4}}]},"28":{"line":308,"type":"if","locations":[{"start":{"line":308,"column":4},"end":{"line":308,"column":4}},{"start":{"line":308,"column":4},"end":{"line":308,"column":4}}]},"29":{"line":318,"type":"if","locations":[{"start":{"line":318,"column":4},"end":{"line":318,"column":4}},{"start":{"line":318,"column":4},"end":{"line":318,"column":4}}]},"30":{"line":328,"type":"if","locations":[{"start":{"line":328,"column":4},"end":{"line":328,"column":4}},{"start":{"line":328,"column":4},"end":{"line":328,"column":4}}]},"31":{"line":329,"type":"if","locations":[{"start":{"line":329,"column":4},"end":{"line":329,"column":4}},{"start":{"line":329,"column":4},"end":{"line":329,"column":4}}]},"32":{"line":330,"type":"if","locations":[{"start":{"line":330,"column":4},"end":{"line":330,"column":4}},{"start":{"line":330,"column":4},"end":{"line":330,"column":4}}]},"33":{"line":331,"type":"if","locations":[{"start":{"line":331,"column":4},"end":{"line":331,"column":4}},{"start":{"line":331,"column":4},"end":{"line":331,"column":4}}]},"34":{"line":333,"type":"if","locations":[{"start":{"line":333,"column":4},"end":{"line":333,"column":4}},{"start":{"line":333,"column":4},"end":{"line":333,"column":4}}]},"35":{"line":335,"type":"if","locations":[{"start":{"line":335,"column":4},"end":{"line":335,"column":4}},{"start":{"line":335,"column":4},"end":{"line":335,"column":4}}]},"36":{"line":342,"type":"if","locations":[{"start":{"line":342,"column":4},"end":{"line":342,"column":4}},{"start":{"line":342,"column":4},"end":{"line":342,"column":4}}]},"37":{"line":344,"type":"if","locations":[{"start":{"line":344,"column":4},"end":{"line":344,"column":4}},{"start":{"line":344,"column":4},"end":{"line":344,"column":4}}]},"38":{"line":345,"type":"if","locations":[{"start":{"line":345,"column":4},"end":{"line":345,"column":4}},{"start":{"line":345,"column":4},"end":{"line":345,"column":4}}]},"39":{"line":350,"type":"if","locations":[{"start":{"line":350,"column":4},"end":{"line":350,"column":4}},{"start":{"line":350,"column":4},"end":{"line":350,"column":4}}]},"40":{"line":363,"type":"if","locations":[{"start":{"line":363,"column":4},"end":{"line":363,"column":4}},{"start":{"line":363,"column":4},"end":{"line":363,"column":4}}]},"41":{"line":383,"type":"if","locations":[{"start":{"line":383,"column":4},"end":{"line":383,"column":4}},{"start":{"line":383,"column":4},"end":{"line":383,"column":4}}]},"42":{"line":385,"type":"if","locations":[{"start":{"line":385,"column":6},"end":{"line":385,"column":6}},{"start":{"line":385,"column":6},"end":{"line":385,"column":6}}]},"43":{"line":386,"type":"if","locations":[{"start":{"line":386,"column":11},"end":{"line":386,"column":11}},{"start":{"line":386,"column":11},"end":{"line":386,"column":11}}]},"44":{"line":404,"type":"if","locations":[{"start":{"line":404,"column":6},"end":{"line":404,"column":6}},{"start":{"line":404,"column":6},"end":{"line":404,"column":6}}]},"45":{"line":421,"type":"if","locations":[{"start":{"line":421,"column":4},"end":{"line":421,"column":4}},{"start":{"line":421,"column":4},"end":{"line":421,"column":4}}]},"46":{"line":422,"type":"if","locations":[{"start":{"line":422,"column":4},"end":{"line":422,"column":4}},{"start":{"line":422,"column":4},"end":{"line":422,"column":4}}]},"47":{"line":434,"type":"if","locations":[{"start":{"line":434,"column":4},"end":{"line":434,"column":4}},{"start":{"line":434,"column":4},"end":{"line":434,"column":4}}]},"48":{"line":436,"type":"if","locations":[{"start":{"line":436,"column":11},"end":{"line":436,"column":11}},{"start":{"line":436,"column":11},"end":{"line":436,"column":11}}]},"49":{"line":438,"type":"if","locations":[{"start":{"line":438,"column":11},"end":{"line":438,"column":11}},{"start":{"line":438,"column":11},"end":{"line":438,"column":11}}]},"50":{"line":473,"type":"if","locations":[{"start":{"line":473,"column":6},"end":{"line":473,"column":6}},{"start":{"line":473,"column":6},"end":{"line":473,"column":6}}]},"51":{"line":474,"type":"if","locations":[{"start":{"line":474,"column":6},"end":{"line":474,"column":6}},{"start":{"line":474,"column":6},"end":{"line":474,"column":6}}]},"52":{"line":479,"type":"if","locations":[{"start":{"line":479,"column":8},"end":{"line":479,"column":8}},{"start":{"line":479,"column":8},"end":{"line":479,"column":8}}]},"53":{"line":480,"type":"if","locations":[{"start":{"line":480,"column":10},"end":{"line":480,"column":10}},{"start":{"line":480,"column":10},"end":{"line":480,"column":10}}]},"54":{"line":487,"type":"if","locations":[{"start":{"line":487,"column":15},"end":{"line":487,"column":15}},{"start":{"line":487,"column":15},"end":{"line":487,"column":15}}]},"55":{"line":492,"type":"if","locations":[{"start":{"line":492,"column":6},"end":{"line":492,"column":6}},{"start":{"line":492,"column":6},"end":{"line":492,"column":6}}]},"56":{"line":495,"type":"if","locations":[{"start":{"line":495,"column":4},"end":{"line":495,"column":4}},{"start":{"line":495,"column":4},"end":{"line":495,"column":4}}]},"57":{"line":501,"type":"if","locations":[{"start":{"line":501,"column":4},"end":{"line":501,"column":4}},{"start":{"line":501,"column":4},"end":{"line":501,"column":4}}]},"58":{"line":510,"type":"if","locations":[{"start":{"line":510,"column":4},"end":{"line":510,"column":4}},{"start":{"line":510,"column":4},"end":{"line":510,"column":4}}]}}},
"contracts\\interfaces\\IAVNBridge.sol":{"l":{},"path":"C:\\Users\\Glyn\\Documents\\GitHub\\avn-t1-standalone\\contracts\\interfaces\\IAVNBridge.sol","s":{},"b":{},"f":{},"fnMap":{},"statementMap":{},"branchMap":{}},
"contracts\\Unlocker.sol":{"l":{"19":0,"20":0,"21":0,"25":0,"26":0,"33":0,"40":0,"47":0},"path":"C:\\Users\\Glyn\\Documents\\GitHub\\avn-t1-standalone\\contracts\\Unlocker.sol","s":{"1":0,"2":0,"3":0,"4":0,"5":0,"6":0,"7":0},"b":{"1":[0,0]},"f":{"1":0,"2":0,"3":0,"4":0,"5":0},"fnMap":{"1":{"name":"constructor","line":18,"loc":{"start":{"line":18,"column":2},"end":{"line":22,"column":2}}},"2":{"name":"onlyOwner","line":24,"loc":{"start":{"line":24,"column":2},"end":{"line":27,"column":2}}},"3":{"name":"recoverERC777Tokens","line":30,"loc":{"start":{"line":29,"column":2},"end":{"line":34,"column":2}}},"4":{"name":"recoverERC20Tokens","line":37,"loc":{"start":{"line":36,"column":2},"end":{"line":41,"column":2}}},"5":{"name":"recoverETH","line":44,"loc":{"start":{"line":43,"column":2},"end":{"line":48,"column":2}}}},"statementMap":{"1":{"start":{"line":19,"column":4},"end":{"line":19,"column":21}},"2":{"start":{"line":20,"column":4},"end":{"line":20,"column":13}},"3":{"start":{"line":21,"column":4},"end":{"line":21,"column":33}},"4":{"start":{"line":25,"column":4},"end":{"line":25,"column":45}},"5":{"start":{"line":33,"column":4},"end":{"line":33,"column":63}},"6":{"start":{"line":40,"column":4},"end":{"line":40,"column":61}},"7":{"start":{"line":47,"column":4},"end":{"line":47,"column":48}}},"branchMap":{"1":{"line":25,"type":"if","locations":[{"start":{"line":25,"column":4},"end":{"line":25,"column":4}},{"start":{"line":25,"column":4},"end":{"line":25,"column":4}}]}}}}
