TN:
SF:C:\Users\Glyn\Documents\GitHub\avn-t1-standalone\contracts\AVNBridge.sol
FN:49,initialize
FN:70,onlyWhenLiftingIsEnabled
FN:75,onlyWhenValidatorFunctionsAreEnabled
FN:82,loadValidators
FN:107,setCoreOwner
FN:115,denyGrowth
FN:123,setGrowthDelay
FN:131,setQuorum
FN:141,enableValidatorFunctions
FN:149,enableLifting
FN:157,enableLowering
FN:165,updateLowerCall
FN:177,triggerGrowth
FN:202,releaseGrowth
FN:214,registerValidator
FN:253,deregisterValidator
FN:279,publishRoot
FN:289,getIsPublishedRootHash
FN:298,lift
FN:314,liftETH
FN:325,tokensReceived
FN:339,lower
FN:395,confirmAvnTransaction
FN:413,_authorizeUpgrade
FN:415,_releaseGrowth
FN:427,_getCompactIntegerByteSize
FN:445,_toConfirmationHash
FN:453,_verifyConfirmations
FN:498,_storeT2TransactionId
FN:505,_checkT2PublicKey
FNF:30
FNH:28
FNDA:3,initialize
FNDA:65,onlyWhenLiftingIsEnabled
FNDA:109,onlyWhenValidatorFunctionsAreEnabled
FNDA:3,loadValidators
FNDA:1,setCoreOwner
FNDA:2,denyGrowth
FNDA:1,setGrowthDelay
FNDA:6,setQuorum
FNDA:4,enableValidatorFunctions
FNDA:8,enableLifting
FNDA:2,enableLowering
FNDA:2,updateLowerCall
FNDA:8,triggerGrowth
FNDA:3,releaseGrowth
FNDA:12,registerValidator
FNDA:7,deregisterValidator
FNDA:78,publishRoot
FNDA:0,getIsPublishedRootHash
FNDA:22,lift
FNDA:14,liftETH
FNDA:21,tokensReceived
FNDA:65,lower
FNDA:65,confirmAvnTransaction
FNDA:0,_authorizeUpgrade
FNDA:3,_releaseGrowth
FNDA:167,_getCompactIntegerByteSize
FNDA:93,_toConfirmationHash
FNDA:93,_verifyConfirmations
FNDA:77,_storeT2TransactionId
FNDA:49,_checkT2PublicKey
DA:51,3
DA:52,3
DA:53,3
DA:54,3
DA:55,3
DA:57,3
DA:58,3
DA:59,3
DA:60,3
DA:61,3
DA:62,3
DA:63,3
DA:64,3
DA:65,3
DA:67,3
DA:71,65
DA:72,57
DA:76,109
DA:77,105
DA:85,3
DA:88,3
DA:90,3
DA:91,26
DA:92,26
DA:93,26
DA:94,26
DA:95,26
DA:96,26
DA:97,26
DA:98,26
DA:99,26
DA:100,26
DA:101,26
DA:102,26
DA:110,1
DA:111,1
DA:118,2
DA:119,2
DA:126,1
DA:127,1
DA:134,6
DA:135,4
DA:136,2
DA:137,2
DA:144,4
DA:145,4
DA:152,8
DA:153,8
DA:160,2
DA:161,2
DA:168,2
DA:169,2
DA:173,0
DA:180,8
DA:181,4
DA:183,4
DA:185,4
DA:186,2
DA:187,2
DA:189,2
DA:190,2
DA:191,2
DA:192,2
DA:193,0
DA:195,2
DA:196,2
DA:197,2
DA:205,3
DA:206,3
DA:207,1
DA:208,1
DA:209,1
DA:217,12
DA:218,10
DA:219,10
DA:220,10
DA:223,8
DA:224,8
DA:225,8
DA:227,8
DA:228,5
DA:229,3
DA:230,3
DA:231,3
DA:232,3
DA:233,3
DA:234,3
DA:236,3
DA:239,4
DA:241,4
DA:242,4
DA:243,4
DA:248,4
DA:256,7
DA:257,7
DA:260,5
DA:261,5
DA:262,3
DA:264,3
DA:265,3
DA:266,3
DA:268,3
DA:269,3
DA:270,3
DA:275,3
DA:282,78
DA:283,64
DA:284,62
DA:285,60
DA:286,60
DA:294,0
DA:301,22
DA:302,20
DA:303,18
DA:304,12
DA:305,12
DA:306,12
DA:307,8
DA:308,8
DA:309,6
DA:317,14
DA:318,8
DA:319,6
DA:328,21
DA:329,21
DA:330,21
DA:331,19
DA:332,17
DA:333,11
DA:334,9
DA:335,9
DA:336,7
DA:342,65
DA:343,63
DA:344,63
DA:345,59
DA:346,57
DA:348,57
DA:349,57
DA:350,57
DA:351,55
DA:352,55
DA:353,55
DA:354,55
DA:355,55
DA:357,55
DA:359,55
DA:363,55
DA:364,51
DA:365,51
DA:366,51
DA:367,51
DA:368,51
DA:370,51
DA:378,51
DA:379,51
DA:380,51
DA:381,51
DA:383,51
DA:384,5
DA:385,5
DA:387,4
DA:389,42
DA:392,49
DA:400,65
DA:402,65
DA:403,65
DA:404,65
DA:405,39
DA:407,26
DA:410,65
DA:418,3
DA:419,3
DA:420,3
DA:421,3
DA:422,3
DA:423,3
DA:432,167
DA:434,167
DA:435,86
DA:437,65
DA:439,8
DA:441,8
DA:450,93
DA:456,93
DA:457,93
DA:458,93
DA:459,93
DA:460,93
DA:461,93
DA:462,93
DA:463,93
DA:464,93
DA:466,93
DA:467,551
DA:473,551
DA:474,551
DA:475,18
DA:477,533
DA:479,533
DA:480,19
DA:482,1
DA:483,1
DA:484,1
DA:485,1
DA:488,510
DA:489,510
DA:492,533
DA:495,93
DA:501,77
DA:502,75
DA:510,49
DA:511,31
LF:213
LH:210
BRDA:51,1,0,3
BRDA:51,1,1,0
BRDA:71,2,0,57
BRDA:71,2,1,8
BRDA:76,3,0,105
BRDA:76,3,1,4
BRDA:85,4,0,3
BRDA:85,4,1,0
BRDA:91,5,0,26
BRDA:91,5,1,0
BRDA:92,6,0,26
BRDA:92,6,1,0
BRDA:94,7,0,26
BRDA:94,7,1,0
BRDA:111,8,0,1
BRDA:111,8,1,0
BRDA:134,9,0,4
BRDA:134,9,1,2
BRDA:135,10,0,2
BRDA:135,10,1,2
BRDA:173,11,0,0
BRDA:173,11,1,0
BRDA:180,12,0,4
BRDA:180,12,1,4
BRDA:181,13,0,4
BRDA:181,13,1,0
BRDA:185,14,0,2
BRDA:185,14,1,2
BRDA:186,15,0,2
BRDA:186,15,1,0
BRDA:192,16,0,0
BRDA:192,16,1,2
BRDA:206,17,0,1
BRDA:206,17,1,2
BRDA:207,18,0,1
BRDA:207,18,1,0
BRDA:217,19,0,10
BRDA:217,19,1,2
BRDA:220,20,0,8
BRDA:220,20,1,2
BRDA:227,21,0,5
BRDA:227,21,1,3
BRDA:228,22,0,3
BRDA:228,22,1,2
BRDA:236,23,0,1
BRDA:236,23,1,2
BRDA:257,24,0,5
BRDA:257,24,1,2
BRDA:284,25,0,60
BRDA:284,25,1,2
BRDA:301,26,0,20
BRDA:301,26,1,2
BRDA:302,27,0,18
BRDA:302,27,1,2
BRDA:308,28,0,6
BRDA:308,28,1,2
BRDA:318,29,0,6
BRDA:318,29,1,2
BRDA:328,30,0,0
BRDA:328,30,1,21
BRDA:329,31,0,0
BRDA:329,31,1,21
BRDA:330,32,0,19
BRDA:330,32,1,2
BRDA:331,33,0,17
BRDA:331,33,1,2
BRDA:333,34,0,9
BRDA:333,34,1,2
BRDA:335,35,0,7
BRDA:335,35,1,2
BRDA:342,36,0,63
BRDA:342,36,1,2
BRDA:344,37,0,59
BRDA:344,37,1,4
BRDA:345,38,0,57
BRDA:345,38,1,2
BRDA:350,39,0,55
BRDA:350,39,1,2
BRDA:363,40,0,51
BRDA:363,40,1,4
BRDA:383,41,0,5
BRDA:383,41,1,46
BRDA:385,42,0,3
BRDA:385,42,1,2
BRDA:386,43,0,4
BRDA:386,43,1,42
BRDA:404,44,0,39
BRDA:404,44,1,26
BRDA:421,45,0,3
BRDA:421,45,1,0
BRDA:422,46,0,3
BRDA:422,46,1,0
BRDA:434,47,0,86
BRDA:434,47,1,81
BRDA:436,48,0,65
BRDA:436,48,1,16
BRDA:438,49,0,8
BRDA:438,49,1,8
BRDA:473,50,0,543
BRDA:473,50,1,8
BRDA:474,51,0,18
BRDA:474,51,1,533
BRDA:479,52,0,19
BRDA:479,52,1,514
BRDA:480,53,0,1
BRDA:480,53,1,18
BRDA:487,54,0,510
BRDA:487,54,1,4
BRDA:492,55,0,77
BRDA:492,55,1,456
BRDA:495,56,0,77
BRDA:495,56,1,16
BRDA:501,57,0,75
BRDA:501,57,1,2
BRDA:510,58,0,31
BRDA:510,58,1,18
BRF:116
BRH:100
end_of_record
TN:
SF:C:\Users\Glyn\Documents\GitHub\avn-t1-standalone\contracts\interfaces\IAVNBridge.sol
FNF:0
FNH:0
LF:0
LH:0
BRF:0
BRH:0
end_of_record
TN:
SF:C:\Users\Glyn\Documents\GitHub\avn-t1-standalone\contracts\Unlocker.sol
FN:18,constructor
FN:24,onlyOwner
FN:30,recoverERC777Tokens
FN:37,recoverERC20Tokens
FN:44,recoverETH
FNF:5
FNH:0
FNDA:0,constructor
FNDA:0,onlyOwner
FNDA:0,recoverERC777Tokens
FNDA:0,recoverERC20Tokens
FNDA:0,recoverETH
DA:19,0
DA:20,0
DA:21,0
DA:25,0
DA:26,0
DA:33,0
DA:40,0
DA:47,0
LF:8
LH:0
BRDA:25,1,0,0
BRDA:25,1,1,0
BRF:2
BRH:0
end_of_record
