TN:
SF:C:\Users\Glyn\Documents\GitHub\avn-bridge\contracts\AVNBridge.sol
FN:105,initialize
FN:121,onlyWhenLiftingEnabled
FN:126,onlyWhenAuthorsEnabled
FN:131,onlyWithinCallWindow
FN:144,loadAuthors
FN:181,setCoreOwner
FN:192,denyGrowth
FN:202,setGrowthDelay
FN:212,toggleAuthors
FN:222,toggleLifting
FN:232,toggleLowering
FN:243,updateLowerCall
FN:265,triggerGrowth
FN:296,releaseGrowth
FN:321,addAuthor
FN:361,removeAuthor
FN:388,publishRoot
FN:408,lift
FN:425,liftETH
FN:443,tokensReceived
FN:458,lower
FN:525,confirmTransaction
FN:542,_authorizeUpgrade
FN:544,_releaseGrowth
FN:554,_getCompactIntegerByteSize
FN:569,_requiredConfirmations
FN:578,_verifyConfirmations
FN:630,_storeT2TxId
FN:637,_checkT2PubKey
FNF:29
FNH:28
FNDA:16,initialize
FNDA:49,onlyWhenLiftingEnabled
FNDA:110,onlyWhenAuthorsEnabled
FNDA:106,onlyWithinCallWindow
FNDA:9,loadAuthors
FNDA:2,setCoreOwner
FNDA:2,denyGrowth
FNDA:3,setGrowthDelay
FNDA:10,toggleAuthors
FNDA:10,toggleLifting
FNDA:4,toggleLowering
FNDA:2,updateLowerCall
FNDA:16,triggerGrowth
FNDA:5,releaseGrowth
FNDA:9,addAuthor
FNDA:5,removeAuthor
FNDA:72,publishRoot
FNDA:15,lift
FNDA:13,liftETH
FNDA:17,tokensReceived
FNDA:60,lower
FNDA:61,confirmTransaction
FNDA:0,_authorizeUpgrade
FNDA:6,_releaseGrowth
FNDA:166,_getCompactIntegerByteSize
FNDA:90,_requiredConfirmations
FNDA:88,_verifyConfirmations
FNDA:81,_storeT2TxId
FNDA:33,_checkT2PubKey
DA:107,16
DA:108,15
DA:109,15
DA:110,15
DA:111,15
DA:112,15
DA:113,15
DA:114,15
DA:115,15
DA:116,15
DA:117,15
DA:118,15
DA:122,49
DA:123,45
DA:127,110
DA:128,106
DA:132,106
DA:133,102
DA:147,9
DA:148,9
DA:149,9
DA:150,9
DA:152,9
DA:153,1
DA:156,8
DA:157,40
DA:158,40
DA:159,40
DA:160,39
DA:161,38
DA:162,38
DA:163,37
DA:164,37
DA:165,37
DA:166,37
DA:167,37
DA:168,37
DA:169,37
DA:170,37
DA:171,37
DA:172,37
DA:184,2
DA:185,2
DA:195,2
DA:196,2
DA:205,3
DA:206,3
DA:215,10
DA:216,10
DA:225,10
DA:226,10
DA:235,4
DA:236,4
DA:246,2
DA:247,2
DA:268,16
DA:269,12
DA:270,11
DA:271,11
DA:273,11
DA:274,5
DA:275,3
DA:277,6
DA:278,5
DA:279,4
DA:280,4
DA:281,1
DA:283,3
DA:284,3
DA:286,4
DA:299,5
DA:300,5
DA:301,3
DA:302,2
DA:303,2
DA:324,9
DA:325,8
DA:326,8
DA:327,8
DA:329,7
DA:330,7
DA:332,7
DA:333,5
DA:334,4
DA:335,4
DA:336,4
DA:337,4
DA:338,4
DA:339,4
DA:341,2
DA:344,5
DA:346,5
DA:364,5
DA:365,5
DA:367,4
DA:369,4
DA:370,2
DA:371,2
DA:374,4
DA:375,4
DA:377,4
DA:391,72
DA:392,71
DA:393,65
DA:394,64
DA:395,64
DA:411,15
DA:412,14
DA:413,11
DA:414,10
DA:428,13
DA:429,12
DA:446,17
DA:447,15
DA:448,14
DA:449,13
DA:450,12
DA:451,11
DA:461,60
DA:462,59
DA:463,59
DA:464,57
DA:465,56
DA:467,56
DA:470,56
DA:471,56
DA:472,56
DA:474,55
DA:475,55
DA:476,55
DA:479,55
DA:482,55
DA:487,55
DA:488,55
DA:490,53
DA:491,53
DA:492,53
DA:493,53
DA:495,53
DA:509,53
DA:510,6
DA:511,6
DA:513,47
DA:515,42
DA:519,52
DA:530,61
DA:531,61
DA:533,61
DA:539,61
DA:547,6
DA:548,6
DA:549,6
DA:550,5
DA:559,166
DA:560,166
DA:574,90
DA:575,90
DA:581,88
DA:582,88
DA:583,88
DA:584,88
DA:585,88
DA:586,88
DA:587,88
DA:588,88
DA:589,88
DA:590,88
DA:591,88
DA:593,88
DA:627,7
DA:633,81
DA:634,79
DA:642,33
DA:643,24
LF:174
LH:174
BRDA:105,1,0,16
BRDA:105,1,1,0
BRDA:122,2,0,4
BRDA:122,2,1,45
BRDA:127,3,0,4
BRDA:127,3,1,106
BRDA:132,4,0,4
BRDA:132,4,1,102
BRDA:144,5,0,9
BRDA:144,5,1,1
BRDA:152,6,0,1
BRDA:152,6,1,8
BRDA:159,7,0,1
BRDA:159,7,1,39
BRDA:160,8,0,1
BRDA:160,8,1,38
BRDA:162,9,0,1
BRDA:162,9,1,37
BRDA:181,10,0,2
BRDA:181,10,1,1
BRDA:185,11,0,1
BRDA:185,11,1,1
BRDA:192,12,0,2
BRDA:192,12,1,1
BRDA:202,13,0,3
BRDA:202,13,1,1
BRDA:212,14,0,10
BRDA:212,14,1,1
BRDA:222,15,0,10
BRDA:222,15,1,1
BRDA:232,16,0,4
BRDA:232,16,1,1
BRDA:243,17,0,2
BRDA:243,17,1,1
BRDA:264,18,0,17
BRDA:264,18,1,1
BRDA:265,19,0,16
BRDA:265,19,1,1
BRDA:268,20,0,4
BRDA:268,20,1,12
BRDA:268,21,0,2
BRDA:268,21,1,2
BRDA:269,22,0,1
BRDA:269,22,1,11
BRDA:273,23,0,5
BRDA:273,23,1,6
BRDA:274,24,0,2
BRDA:274,24,1,3
BRDA:280,25,0,1
BRDA:280,25,1,3
BRDA:300,26,0,2
BRDA:300,26,1,3
BRDA:301,27,0,1
BRDA:301,27,1,2
BRDA:320,28,0,10
BRDA:320,28,1,1
BRDA:321,29,0,9
BRDA:321,29,1,1
BRDA:324,30,0,1
BRDA:324,30,1,8
BRDA:327,31,0,1
BRDA:327,31,1,7
BRDA:332,32,0,5
BRDA:332,32,1,2
BRDA:333,33,0,1
BRDA:333,33,1,4
BRDA:341,34,0,1
BRDA:341,34,1,1
BRDA:360,35,0,6
BRDA:360,35,1,1
BRDA:361,36,0,5
BRDA:361,36,1,1
BRDA:365,37,0,1
BRDA:365,37,1,4
BRDA:369,38,0,2
BRDA:369,38,1,2
BRDA:387,39,0,73
BRDA:387,39,1,1
BRDA:388,40,0,72
BRDA:388,40,1,1
BRDA:391,41,0,1
BRDA:391,41,1,71
BRDA:408,42,0,15
BRDA:408,42,1,1
BRDA:411,43,0,1
BRDA:411,43,1,14
BRDA:413,44,0,1
BRDA:413,44,1,10
BRDA:425,45,0,13
BRDA:425,45,1,1
BRDA:428,46,0,1
BRDA:428,46,1,12
BRDA:443,47,0,17
BRDA:443,47,1,2
BRDA:446,48,0,2
BRDA:446,48,1,15
BRDA:447,49,0,1
BRDA:447,49,1,14
BRDA:448,50,0,1
BRDA:448,50,1,13
BRDA:449,51,0,1
BRDA:449,51,1,12
BRDA:450,52,0,1
BRDA:450,52,1,11
BRDA:461,53,0,1
BRDA:461,53,1,59
BRDA:463,54,0,2
BRDA:463,54,1,57
BRDA:464,55,0,1
BRDA:464,55,1,56
BRDA:472,56,0,1
BRDA:472,56,1,55
BRDA:474,57,0,20
BRDA:474,57,1,35
BRDA:488,58,0,2
BRDA:488,58,1,53
BRDA:509,59,0,6
BRDA:509,59,1,47
BRDA:511,60,0,1
BRDA:511,60,1,5
BRDA:542,61,0,0
BRDA:542,61,1,0
BRDA:547,62,0,0
BRDA:547,62,1,6
BRDA:549,63,0,1
BRDA:549,63,1,5
BRDA:633,64,0,2
BRDA:633,64,1,79
BRDA:642,65,0,9
BRDA:642,65,1,24
BRF:130
BRH:126
end_of_record
TN:
SF:C:\Users\Glyn\Documents\GitHub\avn-bridge\contracts\interfaces\IAVNBridge.sol
FNF:0
FNH:0
LF:0
LH:0
BRF:0
BRH:0
end_of_record
